#
# There is insufficient memory for the Java Runtime Environment to continue.
# Native memory allocation (mmap) failed to map 56098816 bytes for committing reserved memory.
# Possible reasons:
#   The system is out of physical RAM or swap space
#   In 32 bit mode, the process size limit was hit
# Possible solutions:
#   Reduce memory load on the system
#   Increase physical memory or swap space
#   Check if swap backing store is full
#   Use 64 bit Java on a 64 bit OS
#   Decrease Java heap size (-Xmx/-Xms)
#   Decrease number of Java threads
#   Decrease Java thread stack sizes (-Xss)
#   Set larger code cache with -XX:ReservedCodeCacheSize=
# This output file may be truncated or incomplete.
#
#  Out of Memory Error (os_linux.cpp:2640), pid=3741, tid=0x00007fb27d855700
#
# JRE version:  (8.0_161-b12) (build )
# Java VM: Java HotSpot(TM) 64-Bit Server VM (25.161-b12 mixed mode linux-amd64 compressed oops)
# Failed to write core dump. Core dumps have been disabled. To enable core dumping, try "ulimit -c unlimited" before starting Java again
#

---------------  T H R E A D  ---------------

Current thread (0x00007fb27400e800):  JavaThread "Unknown thread" [_thread_in_vm, id=3744, stack(0x00007fb27d755000,0x00007fb27d856000)]

Stack: [0x00007fb27d755000,0x00007fb27d856000],  sp=0x00007fb27d8543c0,  free space=1020k
Native frames: (J=compiled Java code, j=interpreted, Vv=VM code, C=native code)
V  [libjvm.so+0xacf94a]  VMError::report_and_die()+0x2ba
V  [libjvm.so+0x50050b]  report_vm_out_of_memory(char const*, int, unsigned long, VMErrorType, char const*)+0x8b
V  [libjvm.so+0x92b133]  os::Linux::commit_memory_impl(char*, unsigned long, bool)+0x103
V  [libjvm.so+0x92b5c9]  os::pd_commit_memory(char*, unsigned long, unsigned long, bool)+0x29
V  [libjvm.so+0x924c0a]  os::commit_memory(char*, unsigned long, unsigned long, bool)+0x2a
V  [libjvm.so+0x99ab53]  PSVirtualSpace::expand_by(unsigned long)+0x53
V  [libjvm.so+0x98ac67]  PSOldGen::initialize(ReservedSpace, unsigned long, char const*, int)+0xb7
V  [libjvm.so+0x2db30a]  AdjoiningGenerations::AdjoiningGenerations(ReservedSpace, GenerationSizer*, unsigned long)+0x39a
V  [libjvm.so+0x94ec56]  ParallelScavengeHeap::initialize()+0x1d6
V  [libjvm.so+0xa979f3]  Universe::initialize_heap()+0xf3
V  [libjvm.so+0xa97f5e]  universe_init()+0x3e
V  [libjvm.so+0x641fb5]  init_globals()+0x65
V  [libjvm.so+0xa7c5ae]  Threads::create_vm(JavaVMInitArgs*, bool*)+0x23e
V  [libjvm.so+0x6d6c24]  JNI_CreateJavaVM+0x74
C  [libjli.so+0x797e]  JavaMain+0x9e
C  [libpthread.so.0+0x76ba]  start_thread+0xca


---------------  P R O C E S S  ---------------

Java Threads: ( => current thread )

Other Threads:

=>0x00007fb27400e800 (exited) JavaThread "Unknown thread" [_thread_in_vm, id=3744, stack(0x00007fb27d755000,0x00007fb27d856000)]

VM state:not at safepoint (not fully initialized)

VM Mutex/Monitor currently owned by a thread: None

GC Heap History (0 events):
No events

Deoptimization events (0 events):
No events

Classes redefined (0 events):
No events

Internal exceptions (0 events):
No events

Events (0 events):
No events


Dynamic libraries:
00400000-00401000 r-xp 00000000 08:01 148171                             /usr/lib/jvm/java-8-oracle/bin/java
00600000-00601000 rw-p 00000000 08:01 148171                             /usr/lib/jvm/java-8-oracle/bin/java
00ff0000-01011000 rw-p 00000000 00:00 0                                  [heap]
b3980000-e5700000 ---p 00000000 00:00 0 
e5700000-e7180000 rw-p 00000000 00:00 0 
e7180000-100000000 ---p 00000000 00:00 0 
7fb265000000-7fb265270000 rwxp 00000000 00:00 0 
7fb265270000-7fb274000000 ---p 00000000 00:00 0 
7fb274000000-7fb274039000 rw-p 00000000 00:00 0 
7fb274039000-7fb278000000 ---p 00000000 00:00 0 
7fb279fe4000-7fb27a26c000 rw-p 00000000 00:00 0 
7fb27a26c000-7fb27a415000 ---p 00000000 00:00 0 
7fb27a415000-7fb27a423000 rw-p 00000000 00:00 0 
7fb27a423000-7fb27a4ea000 ---p 00000000 00:00 0 
7fb27a4ea000-7fb27a4f5000 rw-p 00000000 00:00 0 
7fb27a4f5000-7fb27a8ab000 ---p 00000000 00:00 0 
7fb27a8ab000-7fb27a8c6000 r-xp 00000000 08:01 285541                     /usr/lib/jvm/java-8-oracle/jre/lib/amd64/libzip.so
7fb27a8c6000-7fb27aac6000 ---p 0001b000 08:01 285541                     /usr/lib/jvm/java-8-oracle/jre/lib/amd64/libzip.so
7fb27aac6000-7fb27aac7000 rw-p 0001b000 08:01 285541                     /usr/lib/jvm/java-8-oracle/jre/lib/amd64/libzip.so
7fb27aac7000-7fb27aad2000 r-xp 00000000 08:01 923492                     /lib/x86_64-linux-gnu/libnss_files-2.23.so
7fb27aad2000-7fb27acd1000 ---p 0000b000 08:01 923492                     /lib/x86_64-linux-gnu/libnss_files-2.23.so
7fb27acd1000-7fb27acd2000 r--p 0000a000 08:01 923492                     /lib/x86_64-linux-gnu/libnss_files-2.23.so
7fb27acd2000-7fb27acd3000 rw-p 0000b000 08:01 923492                     /lib/x86_64-linux-gnu/libnss_files-2.23.so
7fb27acd3000-7fb27acd9000 rw-p 00000000 00:00 0 
7fb27acd9000-7fb27ace4000 r-xp 00000000 08:01 923502                     /lib/x86_64-linux-gnu/libnss_nis-2.23.so
7fb27ace4000-7fb27aee3000 ---p 0000b000 08:01 923502                     /lib/x86_64-linux-gnu/libnss_nis-2.23.so
7fb27aee3000-7fb27aee4000 r--p 0000a000 08:01 923502                     /lib/x86_64-linux-gnu/libnss_nis-2.23.so
7fb27aee4000-7fb27aee5000 rw-p 0000b000 08:01 923502                     /lib/x86_64-linux-gnu/libnss_nis-2.23.so
7fb27aee5000-7fb27aefb000 r-xp 00000000 08:01 923486                     /lib/x86_64-linux-gnu/libnsl-2.23.so
7fb27aefb000-7fb27b0fa000 ---p 00016000 08:01 923486                     /lib/x86_64-linux-gnu/libnsl-2.23.so
7fb27b0fa000-7fb27b0fb000 r--p 00015000 08:01 923486                     /lib/x86_64-linux-gnu/libnsl-2.23.so
7fb27b0fb000-7fb27b0fc000 rw-p 00016000 08:01 923486                     /lib/x86_64-linux-gnu/libnsl-2.23.so
7fb27b0fc000-7fb27b0fe000 rw-p 00000000 00:00 0 
7fb27b0fe000-7fb27b106000 r-xp 00000000 08:01 923488                     /lib/x86_64-linux-gnu/libnss_compat-2.23.so
7fb27b106000-7fb27b305000 ---p 00008000 08:01 923488                     /lib/x86_64-linux-gnu/libnss_compat-2.23.so
7fb27b305000-7fb27b306000 r--p 00007000 08:01 923488                     /lib/x86_64-linux-gnu/libnss_compat-2.23.so
7fb27b306000-7fb27b307000 rw-p 00008000 08:01 923488                     /lib/x86_64-linux-gnu/libnss_compat-2.23.so
7fb27b307000-7fb27b332000 r-xp 00000000 08:01 285535                     /usr/lib/jvm/java-8-oracle/jre/lib/amd64/libjava.so
7fb27b332000-7fb27b531000 ---p 0002b000 08:01 285535                     /usr/lib/jvm/java-8-oracle/jre/lib/amd64/libjava.so
7fb27b531000-7fb27b533000 rw-p 0002a000 08:01 285535                     /usr/lib/jvm/java-8-oracle/jre/lib/amd64/libjava.so
7fb27b533000-7fb27b540000 r-xp 00000000 08:01 285540                     /usr/lib/jvm/java-8-oracle/jre/lib/amd64/libverify.so
7fb27b540000-7fb27b740000 ---p 0000d000 08:01 285540                     /usr/lib/jvm/java-8-oracle/jre/lib/amd64/libverify.so
7fb27b740000-7fb27b742000 rw-p 0000d000 08:01 285540                     /usr/lib/jvm/java-8-oracle/jre/lib/amd64/libverify.so
7fb27b742000-7fb27b749000 r-xp 00000000 08:01 923547                     /lib/x86_64-linux-gnu/librt-2.23.so
7fb27b749000-7fb27b948000 ---p 00007000 08:01 923547                     /lib/x86_64-linux-gnu/librt-2.23.so
7fb27b948000-7fb27b949000 r--p 00006000 08:01 923547                     /lib/x86_64-linux-gnu/librt-2.23.so
7fb27b949000-7fb27b94a000 rw-p 00007000 08:01 923547                     /lib/x86_64-linux-gnu/librt-2.23.so
7fb27b94a000-7fb27ba52000 r-xp 00000000 08:01 923463                     /lib/x86_64-linux-gnu/libm-2.23.so
7fb27ba52000-7fb27bc51000 ---p 00108000 08:01 923463                     /lib/x86_64-linux-gnu/libm-2.23.so
7fb27bc51000-7fb27bc52000 r--p 00107000 08:01 923463                     /lib/x86_64-linux-gnu/libm-2.23.so
7fb27bc52000-7fb27bc53000 rw-p 00108000 08:01 923463                     /lib/x86_64-linux-gnu/libm-2.23.so
7fb27bc53000-7fb27c92c000 r-xp 00000000 08:01 285561                     /usr/lib/jvm/java-8-oracle/jre/lib/amd64/server/libjvm.so
7fb27c92c000-7fb27cb2b000 ---p 00cd9000 08:01 285561                     /usr/lib/jvm/java-8-oracle/jre/lib/amd64/server/libjvm.so
7fb27cb2b000-7fb27cc04000 rw-p 00cd8000 08:01 285561                     /usr/lib/jvm/java-8-oracle/jre/lib/amd64/server/libjvm.so
7fb27cc04000-7fb27cc50000 rw-p 00000000 00:00 0 
7fb27cc50000-7fb27ce10000 r-xp 00000000 08:01 923393                     /lib/x86_64-linux-gnu/libc-2.23.so
7fb27ce10000-7fb27d010000 ---p 001c0000 08:01 923393                     /lib/x86_64-linux-gnu/libc-2.23.so
7fb27d010000-7fb27d014000 r--p 001c0000 08:01 923393                     /lib/x86_64-linux-gnu/libc-2.23.so
7fb27d014000-7fb27d016000 rw-p 001c4000 08:01 923393                     /lib/x86_64-linux-gnu/libc-2.23.so
7fb27d016000-7fb27d01a000 rw-p 00000000 00:00 0 
7fb27d01a000-7fb27d01d000 r-xp 00000000 08:01 923417                     /lib/x86_64-linux-gnu/libdl-2.23.so
7fb27d01d000-7fb27d21c000 ---p 00003000 08:01 923417                     /lib/x86_64-linux-gnu/libdl-2.23.so
7fb27d21c000-7fb27d21d000 r--p 00002000 08:01 923417                     /lib/x86_64-linux-gnu/libdl-2.23.so
7fb27d21d000-7fb27d21e000 rw-p 00003000 08:01 923417                     /lib/x86_64-linux-gnu/libdl-2.23.so
7fb27d21e000-7fb27d234000 r-xp 00000000 08:01 154258                     /usr/lib/jvm/java-8-oracle/lib/amd64/jli/libjli.so
7fb27d234000-7fb27d433000 ---p 00016000 08:01 154258                     /usr/lib/jvm/java-8-oracle/lib/amd64/jli/libjli.so
7fb27d433000-7fb27d434000 rw-p 00015000 08:01 154258                     /usr/lib/jvm/java-8-oracle/lib/amd64/jli/libjli.so
7fb27d434000-7fb27d44c000 r-xp 00000000 08:01 923539                     /lib/x86_64-linux-gnu/libpthread-2.23.so
7fb27d44c000-7fb27d64b000 ---p 00018000 08:01 923539                     /lib/x86_64-linux-gnu/libpthread-2.23.so
7fb27d64b000-7fb27d64c000 r--p 00017000 08:01 923539                     /lib/x86_64-linux-gnu/libpthread-2.23.so
7fb27d64c000-7fb27d64d000 rw-p 00018000 08:01 923539                     /lib/x86_64-linux-gnu/libpthread-2.23.so
7fb27d64d000-7fb27d651000 rw-p 00000000 00:00 0 
7fb27d651000-7fb27d677000 r-xp 00000000 08:01 923365                     /lib/x86_64-linux-gnu/ld-2.23.so
7fb27d755000-7fb27d758000 ---p 00000000 00:00 0 
7fb27d758000-7fb27d85b000 rw-p 00000000 00:00 0 
7fb27d867000-7fb27d86f000 rw-s 00000000 08:01 1449367                    /tmp/hsperfdata_andreas/3741
7fb27d86f000-7fb27d870000 rw-p 00000000 00:00 0 
7fb27d870000-7fb27d871000 r--p 00000000 00:00 0 
7fb27d871000-7fb27d874000 r--p 00000000 00:00 0                          [vvar]
7fb27d874000-7fb27d876000 r-xp 00000000 00:00 0                          [vdso]
7fb27d876000-7fb27d877000 r--p 00025000 08:01 923365                     /lib/x86_64-linux-gnu/ld-2.23.so
7fb27d877000-7fb27d878000 rw-p 00026000 08:01 923365                     /lib/x86_64-linux-gnu/ld-2.23.so
7fb27d878000-7fb27d879000 rw-p 00000000 00:00 0 
7ffe6e9b2000-7ffe6e9d6000 rw-p 00000000 00:00 0                          [stack]
ffffffffff600000-ffffffffff601000 r-xp 00000000 00:00 0                  [vsyscall]

VM Arguments:
jvm_args: -Dfile.encoding=UTF-8 
java_command: ethereum.Simulation
java_class_path (initial): /usr/lib/jvm/java-8-oracle/jre/lib/resources.jar:/usr/lib/jvm/java-8-oracle/jre/lib/rt.jar:/usr/lib/jvm/java-8-oracle/jre/lib/jsse.jar:/usr/lib/jvm/java-8-oracle/jre/lib/jce.jar:/usr/lib/jvm/java-8-oracle/jre/lib/charsets.jar:/usr/lib/jvm/java-8-oracle/jre/lib/jfr.jar:/usr/lib/jvm/java-8-oracle/jre/lib/ext/sunpkcs11.jar:/usr/lib/jvm/java-8-oracle/jre/lib/ext/dnsns.jar:/usr/lib/jvm/java-8-oracle/jre/lib/ext/sunjce_provider.jar:/usr/lib/jvm/java-8-oracle/jre/lib/ext/localedata.jar:/usr/lib/jvm/java-8-oracle/jre/lib/ext/sunec.jar:/usr/lib/jvm/java-8-oracle/jre/lib/ext/cldrdata.jar:/usr/lib/jvm/java-8-oracle/jre/lib/ext/jaccess.jar:/usr/lib/jvm/java-8-oracle/jre/lib/ext/nashorn.jar:/usr/lib/jvm/java-8-oracle/jre/lib/ext/zipfs.jar:/usr/lib/jvm/java-8-oracle/jre/lib/ext/jfxrt.jar:/home/andreas/masterarbeit/SmartGridCoSimulation/examples/memap/target/classes:/home/andreas/.m2/repository/org/jsoup/jsoup/1.8.1/jsoup-1.8.1.jar:/home/andreas/masterarbeit/SmartGridCoSimulation/core/gridarchitect/target/classes:/home/andreas/.m2/repository/com/typesafe/akka/akka-actor_2.11/2.3.6/akka-actor_2.11-2.3.6.jar:/home/andreas/.m2/repository/org/scala-lang/scala-library/2.11.2/scala-library-2.11.2.jar:/home/andreas/.m2/repository/com/typesafe/config/1.2.1/config-1.2.1.jar:/home/andreas/.m2/repository/com/typesafe/akka/akka-testkit_2.11/2.3.6/akka-testkit_2.11-2.3.6.jar:/home/andreas/.m2/repository/junit/junit/4.10/junit-4.10.jar:/home/andreas/.m2/repository/org/hamcrest/hamcrest-core/1.1/hamcrest-core-1.1.jar:/home/andreas/.m2/repository/ch/qos/logback/logback-classic/1.0.7/logback-classic-1.0.7.jar:/home/andreas/.m2/repository/ch/qos/logback/logback-core/1.0.7/logback-core-1.0.7.jar:/home/andreas/.m2/repository/org/slf4j/slf4j-api/1.6.6/slf4j-api-1.6.6.jar:/home/andreas/.m2/repository/org/apache/commons/commons-lang3/3.0/commons-lang3-3.0.jar:/home/andreas/.m2/repository/commons-io/commons-io/2.4/commons-io-2.4.jar:/home/andreas/.m2/repository/com/fasterxml/
Launcher Type: SUN_STANDARD

Environment Variables:
JAVA_HOME=/usr/lib/jvm/java-8-oracle
PATH=/home/andreas/bin:/home/andreas/.local/bin:/usr/local/sbin:/usr/local/bin:/usr/sbin:/usr/bin:/sbin:/bin:/usr/games:/usr/local/games:/snap/bin:/usr/lib/jvm/java-8-oracle/bin:/usr/lib/jvm/java-8-oracle/db/bin:/usr/lib/jvm/java-8-oracle/jre/bin:/home/andreas/go/bin:/usr/lib/go-1.9/bin:/home/andreas/go-ethereum/build/bin
SHELL=/bin/bash
DISPLAY=:0

Signal Handlers:
SIGSEGV: [libjvm.so+0xad01e0], sa_mask[0]=11111111011111111101111111111110, sa_flags=SA_RESTART|SA_SIGINFO
SIGBUS: [libjvm.so+0xad01e0], sa_mask[0]=11111111011111111101111111111110, sa_flags=SA_RESTART|SA_SIGINFO
SIGFPE: [libjvm.so+0x927fb0], sa_mask[0]=11111111011111111101111111111110, sa_flags=SA_RESTART|SA_SIGINFO
SIGPIPE: [libjvm.so+0x927fb0], sa_mask[0]=11111111011111111101111111111110, sa_flags=SA_RESTART|SA_SIGINFO
SIGXFSZ: [libjvm.so+0x927fb0], sa_mask[0]=11111111011111111101111111111110, sa_flags=SA_RESTART|SA_SIGINFO
SIGILL: [libjvm.so+0x927fb0], sa_mask[0]=11111111011111111101111111111110, sa_flags=SA_RESTART|SA_SIGINFO
SIGUSR1: SIG_DFL, sa_mask[0]=00000000000000000000000000000000, sa_flags=none
SIGUSR2: [libjvm.so+0x9297f0], sa_mask[0]=00100000000000000000000000000000, sa_flags=SA_RESTART|SA_SIGINFO
SIGHUP: SIG_DFL, sa_mask[0]=00000000000000000000000000000000, sa_flags=none
SIGINT: SIG_DFL, sa_mask[0]=00000000000000000000000000000000, sa_flags=none
SIGTERM: SIG_DFL, sa_mask[0]=00000000000000000000000000000000, sa_flags=none
SIGQUIT: SIG_DFL, sa_mask[0]=00000000000000000000000000000000, sa_flags=none


---------------  S Y S T E M  ---------------

OS:DISTRIB_ID=Ubuntu
DISTRIB_RELEASE=16.04
DISTRIB_CODENAME=xenial
DISTRIB_DESCRIPTION="Ubuntu 16.04.4 LTS"

uname:Linux 4.13.0-43-generic #48~16.04.1-Ubuntu SMP Thu May 17 12:56:46 UTC 2018 x86_64
libc:glibc 2.23 NPTL 2.23 
rlimit: STACK 8192k, CORE 0k, NPROC 20189, NOFILE 1048576, AS infinity
load average:4.77 2.26 2.09

/proc/meminfo:
MemTotal:        5221492 kB
MemFree:           89856 kB
MemAvailable:          0 kB
Buffers:            1132 kB
Cached:            93320 kB
SwapCached:         4564 kB
Active:          4249712 kB
Inactive:         725016 kB
Active(anon):    4229940 kB
Inactive(anon):   705036 kB
Active(file):      19772 kB
Inactive(file):    19980 kB
Unevictable:          64 kB
Mlocked:              64 kB
SwapTotal:       2095100 kB
SwapFree:             16 kB
Dirty:                56 kB
Writeback:           556 kB
AnonPages:       4876008 kB
Mapped:            42920 kB
Shmem:             54528 kB
Slab:              51504 kB
SReclaimable:      21756 kB
SUnreclaim:        29748 kB
KernelStack:       11312 kB
PageTables:        54364 kB
NFS_Unstable:          0 kB
Bounce:                0 kB
WritebackTmp:          0 kB
CommitLimit:     4705844 kB
Committed_AS:   16521584 kB
VmallocTotal:   34359738367 kB
VmallocUsed:           0 kB
VmallocChunk:          0 kB
HardwareCorrupted:     0 kB
AnonHugePages:     10240 kB
ShmemHugePages:        0 kB
ShmemPmdMapped:        0 kB
CmaTotal:              0 kB
CmaFree:               0 kB
HugePages_Total:       0
HugePages_Free:        0
HugePages_Rsvd:        0
HugePages_Surp:        0
Hugepagesize:       2048 kB
DirectMap4k:       98240 kB
DirectMap2M:     5298176 kB


CPU:total 2 (initial active 2) (2 cores per cpu, 1 threads per core) family 6 model 69 stepping 1, cmov, cx8, fxsr, mmx, sse, sse2, sse3, ssse3, sse4.1, sse4.2, popcnt, avx, avx2, aes, clmul, lzcnt, tsc, tscinvbit

/proc/cpuinfo:
processor	: 0
vendor_id	: GenuineIntel
cpu family	: 6
model		: 69
model name	: Intel(R) Core(TM) i7-4510U CPU @ 2.00GHz
stepping	: 1
cpu MHz		: 2593.996
cache size	: 4096 KB
physical id	: 0
siblings	: 2
core id		: 0
cpu cores	: 2
apicid		: 0
initial apicid	: 0
fpu		: yes
fpu_exception	: yes
cpuid level	: 13
wp		: yes
flags		: fpu vme de pse tsc msr pae mce cx8 apic sep mtrr pge mca cmov pat pse36 clflush mmx fxsr sse sse2 ht syscall nx rdtscp lm constant_tsc rep_good nopl xtopology nonstop_tsc cpuid pni pclmulqdq ssse3 cx16 pcid sse4_1 sse4_2 x2apic movbe popcnt aes xsave avx rdrand hypervisor lahf_lm abm invpcid_single pti retpoline fsgsbase avx2 invpcid
bugs		: cpu_meltdown spectre_v1 spectre_v2 spec_store_bypass
bogomips	: 5187.99
clflush size	: 64
cache_alignment	: 64
address sizes	: 39 bits physical, 48 bits virtual
power management:

processor	: 1
vendor_id	: GenuineIntel
cpu family	: 6
model		: 69
model name	: Intel(R) Core(TM) i7-4510U CPU @ 2.00GHz
stepping	: 1
cpu MHz		: 2593.996
cache size	: 4096 KB
physical id	: 0
siblings	: 2
core id		: 1
cpu cores	: 2
apicid		: 1
initial apicid	: 1
fpu		: yes
fpu_exception	: yes
cpuid level	: 13
wp		: yes
flags		: fpu vme de pse tsc msr pae mce cx8 apic sep mtrr pge mca cmov pat pse36 clflush mmx fxsr sse sse2 ht syscall nx rdtscp lm constant_tsc rep_good nopl xtopology nonstop_tsc cpuid pni pclmulqdq ssse3 cx16 pcid sse4_1 sse4_2 x2apic movbe popcnt aes xsave avx rdrand hypervisor lahf_lm abm invpcid_single pti retpoline fsgsbase avx2 invpcid
bugs		: cpu_meltdown spectre_v1 spectre_v2 spec_store_bypass
bogomips	: 5187.99
clflush size	: 64
cache_alignment	: 64
address sizes	: 39 bits physical, 48 bits virtual
power management:



Memory: 4k page, physical 5221492k(89856k free), swap 2095100k(16k free)

vm_info: Java HotSpot(TM) 64-Bit Server VM (25.161-b12) for linux-amd64 JRE (1.8.0_161-b12), built on Dec 19 2017 16:12:43 by "java_re" with gcc 4.3.0 20080428 (Red Hat 4.3.0-8)

time: Thu Jun  7 00:30:19 2018
elapsed time: 0 seconds (0d 0h 0m 0s)

