#
# There is insufficient memory for the Java Runtime Environment to continue.
# Native memory allocation (mmap) failed to map 229376 bytes for card table expansion
# Possible reasons:
#   The system is out of physical RAM or swap space
#   In 32 bit mode, the process size limit was hit
# Possible solutions:
#   Reduce memory load on the system
#   Increase physical memory or swap space
#   Check if swap backing store is full
#   Use 64 bit Java on a 64 bit OS
#   Decrease Java heap size (-Xmx/-Xms)
#   Decrease number of Java threads
#   Decrease Java thread stack sizes (-Xss)
#   Set larger code cache with -XX:ReservedCodeCacheSize=
# This output file may be truncated or incomplete.
#
#  Out of Memory Error (os_windows.cpp:3331), pid=23260, tid=0x0000000000001524
#
# JRE version: Java(TM) SE Runtime Environment (8.0_171-b11) (build 1.8.0_171-b11)
# Java VM: Java HotSpot(TM) 64-Bit Server VM (25.171-b11 mixed mode windows-amd64 compressed oops)
# Failed to write core dump. Minidumps are not enabled by default on client versions of Windows
#

---------------  T H R E A D  ---------------

Current thread (0x000000001c119800):  VMThread [stack: 0x000000001de00000,0x000000001df00000] [id=5412]

Stack: [0x000000001de00000,0x000000001df00000]
[error occurred during error reporting (printing stack bounds), id 0xc0000005]

Native frames: (J=compiled Java code, j=interpreted, Vv=VM code, C=native code)

VM_Operation (0x0000000032aad8e0): ParallelGCFailedAllocation, mode: safepoint, requested by thread 0x00000000228a0800


---------------  P R O C E S S  ---------------

Java Threads: ( => current thread )
  0x00000000228ae800 JavaThread "LinProg-akka.actor.default-dispatcher-45" [_thread_blocked, id=19784, stack(0x0000000033e00000,0x0000000033f00000)]
  0x00000000228a7000 JavaThread "LinProg-akka.actor.default-dispatcher-46" [_thread_blocked, id=27592, stack(0x0000000033d00000,0x0000000033e00000)]
  0x00000000228ab800 JavaThread "LinProg-akka.actor.default-dispatcher-44" [_thread_blocked, id=1828, stack(0x0000000033c00000,0x0000000033d00000)]
  0x00000000228a8800 JavaThread "LinProg-akka.actor.default-dispatcher-43" [_thread_blocked, id=24492, stack(0x0000000033b00000,0x0000000033c00000)]
  0x00000000228ad800 JavaThread "LinProg-akka.actor.default-dispatcher-42" [_thread_blocked, id=9364, stack(0x0000000033a00000,0x0000000033b00000)]
  0x00000000228aa000 JavaThread "LinProg-akka.actor.default-dispatcher-41" [_thread_blocked, id=9040, stack(0x0000000033900000,0x0000000033a00000)]
  0x00000000228ad000 JavaThread "LinProg-akka.actor.default-dispatcher-40" [_thread_blocked, id=32952, stack(0x0000000033800000,0x0000000033900000)]
  0x00000000228ac000 JavaThread "LinProg-akka.actor.default-dispatcher-39" [_thread_blocked, id=13584, stack(0x0000000033700000,0x0000000033800000)]
  0x00000000228aa800 JavaThread "LinProg-akka.actor.default-dispatcher-38" [_thread_blocked, id=5792, stack(0x0000000033600000,0x0000000033700000)]
  0x00000000228a9000 JavaThread "LinProg-akka.actor.default-dispatcher-37" [_thread_blocked, id=15308, stack(0x0000000033500000,0x0000000033600000)]
  0x000000002289f000 JavaThread "LinProg-akka.actor.default-dispatcher-36" [_thread_blocked, id=15992, stack(0x0000000033400000,0x0000000033500000)]
  0x00000000228a6000 JavaThread "LinProg-akka.actor.default-dispatcher-35" [_thread_blocked, id=27576, stack(0x0000000033300000,0x0000000033400000)]
  0x00000000228a4800 JavaThread "LinProg-akka.actor.default-dispatcher-34" [_thread_blocked, id=25252, stack(0x0000000033200000,0x0000000033300000)]
  0x000000002289e800 JavaThread "LinProg-akka.actor.default-dispatcher-33" [_thread_blocked, id=18008, stack(0x0000000033100000,0x0000000033200000)]
  0x00000000228a3000 JavaThread "LinProg-akka.actor.default-dispatcher-32" [_thread_blocked, id=13732, stack(0x0000000033000000,0x0000000033100000)]
  0x00000000228a2800 JavaThread "LinProg-akka.actor.default-dispatcher-31" [_thread_blocked, id=21580, stack(0x0000000032f00000,0x0000000033000000)]
  0x00000000228a5800 JavaThread "LinProg-akka.actor.default-dispatcher-30" [_thread_blocked, id=30180, stack(0x0000000032e00000,0x0000000032f00000)]
  0x00000000228a1800 JavaThread "LinProg-akka.actor.default-dispatcher-29" [_thread_blocked, id=34264, stack(0x0000000032ab0000,0x0000000032bb0000)]
  0x00000000228a0800 JavaThread "LinProg-akka.actor.default-dispatcher-28" [_thread_blocked, id=32624, stack(0x00000000329b0000,0x0000000032ab0000)]
  0x00000000228a0000 JavaThread "LinProg-akka.actor.default-dispatcher-26" [_thread_blocked, id=38376, stack(0x00000000328b0000,0x00000000329b0000)]
  0x00000000228a4000 JavaThread "LinProg-akka.actor.default-dispatcher-27" [_thread_blocked, id=37860, stack(0x00000000327b0000,0x00000000328b0000)]
  0x000000002258d000 JavaThread "LinProg-akka.actor.default-dispatcher-25" [_thread_blocked, id=36216, stack(0x00000000326b0000,0x00000000327b0000)]
  0x000000002258c800 JavaThread "LinProg-akka.actor.default-dispatcher-24" [_thread_blocked, id=28580, stack(0x00000000325b0000,0x00000000326b0000)]
  0x000000002258a000 JavaThread "LinProg-akka.actor.default-dispatcher-17" [_thread_blocked, id=10872, stack(0x00000000324b0000,0x00000000325b0000)]
  0x000000002258e800 JavaThread "LinProg-akka.actor.default-dispatcher-23" [_thread_blocked, id=16256, stack(0x00000000323b0000,0x00000000324b0000)]
  0x0000000022589800 JavaThread "LinProg-akka.actor.default-dispatcher-22" [_thread_blocked, id=8864, stack(0x00000000322b0000,0x00000000323b0000)]
  0x000000002258b800 JavaThread "LinProg-akka.actor.default-dispatcher-21" [_thread_blocked, id=23732, stack(0x00000000321b0000,0x00000000322b0000)]
  0x000000002258b000 JavaThread "LinProg-akka.actor.default-dispatcher-20" [_thread_blocked, id=26868, stack(0x00000000320b0000,0x00000000321b0000)]
  0x000000002258e000 JavaThread "LinProg-akka.actor.default-dispatcher-19" [_thread_blocked, id=21452, stack(0x0000000031fb0000,0x00000000320b0000)]
  0x0000000022582000 JavaThread "LinProg-akka.actor.default-dispatcher-18" [_thread_blocked, id=4648, stack(0x0000000031eb0000,0x0000000031fb0000)]
  0x0000000022588800 JavaThread "LinProg-akka.actor.default-dispatcher-16" [_thread_blocked, id=11452, stack(0x0000000031db0000,0x0000000031eb0000)]
  0x0000000022584000 JavaThread "LinProg-akka.actor.default-dispatcher-15" [_thread_blocked, id=1724, stack(0x0000000031cb0000,0x0000000031db0000)]
  0x0000000022587000 JavaThread "LinProg-akka.actor.default-dispatcher-14" [_thread_blocked, id=10628, stack(0x0000000031bb0000,0x0000000031cb0000)]
  0x0000000022581000 JavaThread "LinProg-akka.actor.default-dispatcher-13" [_thread_blocked, id=9228, stack(0x0000000031ab0000,0x0000000031bb0000)]
  0x0000000022588000 JavaThread "LinProg-akka.actor.default-dispatcher-12" [_thread_blocked, id=38152, stack(0x00000000319b0000,0x0000000031ab0000)]
  0x0000000022586800 JavaThread "LinProg-akka.actor.default-dispatcher-11" [_thread_blocked, id=38684, stack(0x00000000318b0000,0x00000000319b0000)]
  0x0000000022582800 JavaThread "LinProg-akka.actor.default-dispatcher-8" [_thread_blocked, id=7644, stack(0x00000000317b0000,0x00000000318b0000)]
  0x0000000022580800 JavaThread "LinProg-akka.actor.default-dispatcher-10" [_thread_blocked, id=3564, stack(0x00000000316b0000,0x00000000317b0000)]
  0x0000000022583800 JavaThread "LinProg-akka.actor.default-dispatcher-9" [_thread_blocked, id=26144, stack(0x00000000315b0000,0x00000000316b0000)]
  0x0000000022585800 JavaThread "LinProg-akka.actor.default-dispatcher-7" [_thread_blocked, id=37796, stack(0x00000000314b0000,0x00000000315b0000)]
  0x0000000022585000 JavaThread "LinProg-akka.actor.default-dispatcher-6" [_thread_blocked, id=29600, stack(0x00000000313b0000,0x00000000314b0000)]
  0x0000000022578800 JavaThread "LinProg-akka.actor.default-dispatcher-5" [_thread_blocked, id=10156, stack(0x00000000312b0000,0x00000000313b0000)]
  0x000000002257f800 JavaThread "LinProg-akka.actor.default-dispatcher-4" [_thread_blocked, id=4860, stack(0x0000000030fb0000,0x00000000310b0000)]
  0x0000000022579800 JavaThread "LinProg-akka.actor.default-dispatcher-3" [_thread_blocked, id=27300, stack(0x0000000030bc0000,0x0000000030cc0000)]
  0x000000002257e000 JavaThread "LinProg-akka.actor.default-dispatcher-2" [_thread_blocked, id=26044, stack(0x0000000030ac0000,0x0000000030bc0000)]
  0x000000002257f000 JavaThread "LinProg-scheduler-1" [_thread_blocked, id=9412, stack(0x000000002f790000,0x000000002f890000)]
  0x0000000022576800 JavaThread "qtp366590980-224" [_thread_blocked, id=16800, stack(0x000000002e2c0000,0x000000002e3c0000)]
  0x000000002257c000 JavaThread "qtp366590980-223" [_thread_blocked, id=16408, stack(0x000000002e1c0000,0x000000002e2c0000)]
  0x000000002257b000 JavaThread "qtp366590980-222" [_thread_blocked, id=10740, stack(0x000000002e0c0000,0x000000002e1c0000)]
  0x000000002257d800 JavaThread "qtp366590980-221" [_thread_blocked, id=13324, stack(0x000000002dfc0000,0x000000002e0c0000)]
  0x0000000022578000 JavaThread "qtp366590980-220" [_thread_blocked, id=38284, stack(0x000000002dec0000,0x000000002dfc0000)]
  0x000000002257a800 JavaThread "qtp366590980-219" [_thread_blocked, id=4836, stack(0x000000002ddc0000,0x000000002dec0000)]
  0x000000002257c800 JavaThread "qtp366590980-218" [_thread_blocked, id=10904, stack(0x000000002dcc0000,0x000000002ddc0000)]
  0x0000000022575800 JavaThread "qtp366590980-217" [_thread_blocked, id=12184, stack(0x000000002dbc0000,0x000000002dcc0000)]
  0x0000000022575000 JavaThread "qtp1161667116-216" [_thread_blocked, id=17552, stack(0x000000002dac0000,0x000000002dbc0000)]
  0x0000000022570800 JavaThread "qtp1161667116-215" [_thread_blocked, id=38208, stack(0x000000002d9c0000,0x000000002dac0000)]
  0x0000000022574000 JavaThread "qtp1161667116-214" [_thread_blocked, id=15920, stack(0x000000002d8c0000,0x000000002d9c0000)]
  0x0000000022571000 JavaThread "qtp1161667116-213" [_thread_blocked, id=8588, stack(0x000000002d7c0000,0x000000002d8c0000)]
  0x0000000022572800 JavaThread "qtp1161667116-212" [_thread_blocked, id=9792, stack(0x000000002d6c0000,0x000000002d7c0000)]
  0x0000000022577000 JavaThread "qtp1161667116-211" [_thread_blocked, id=24184, stack(0x000000002d5c0000,0x000000002d6c0000)]
  0x0000000022573800 JavaThread "qtp1161667116-210" [_thread_blocked, id=34120, stack(0x000000002d4c0000,0x000000002d5c0000)]
  0x0000000022572000 JavaThread "qtp1161667116-209" [_thread_blocked, id=24680, stack(0x000000002d3c0000,0x000000002d4c0000)]
  0x000000002256f800 JavaThread "qtp293002476-208" [_thread_blocked, id=4132, stack(0x000000002d2c0000,0x000000002d3c0000)]
  0x000000002256c000 JavaThread "qtp293002476-207" [_thread_blocked, id=34204, stack(0x000000002d1c0000,0x000000002d2c0000)]
  0x000000002256a800 JavaThread "qtp293002476-206" [_thread_blocked, id=19700, stack(0x000000002d0c0000,0x000000002d1c0000)]
  0x000000002256a000 JavaThread "qtp293002476-205" [_thread_blocked, id=30908, stack(0x000000002cfc0000,0x000000002d0c0000)]
  0x000000002256b800 JavaThread "qtp293002476-204" [_thread_blocked, id=20264, stack(0x000000002cec0000,0x000000002cfc0000)]
  0x000000002256d000 JavaThread "qtp293002476-203" [_thread_blocked, id=30104, stack(0x000000002cdc0000,0x000000002cec0000)]
  0x0000000022569000 JavaThread "qtp293002476-202" [_thread_blocked, id=29860, stack(0x000000002ccc0000,0x000000002cdc0000)]
  0x0000000022561800 JavaThread "qtp293002476-201" [_thread_blocked, id=10880, stack(0x000000002cbc0000,0x000000002ccc0000)]
  0x0000000022568000 JavaThread "qtp849373393-200" [_thread_blocked, id=31100, stack(0x000000002cac0000,0x000000002cbc0000)]
  0x0000000022567800 JavaThread "qtp849373393-199" [_thread_blocked, id=30300, stack(0x000000002c9c0000,0x000000002cac0000)]
  0x0000000022566800 JavaThread "qtp849373393-198" [_thread_blocked, id=26424, stack(0x000000002c8c0000,0x000000002c9c0000)]
  0x000000002255f000 JavaThread "qtp849373393-197" [_thread_blocked, id=36176, stack(0x000000002c7c0000,0x000000002c8c0000)]
  0x0000000022566000 JavaThread "qtp849373393-196" [_thread_blocked, id=25152, stack(0x000000002c6c0000,0x000000002c7c0000)]
  0x0000000022565000 JavaThread "qtp849373393-195" [_thread_blocked, id=7300, stack(0x000000002c5c0000,0x000000002c6c0000)]
  0x0000000022564800 JavaThread "qtp849373393-194" [_thread_blocked, id=31860, stack(0x000000002c4c0000,0x000000002c5c0000)]
  0x0000000022563800 JavaThread "qtp849373393-193" [_thread_blocked, id=37588, stack(0x000000002c3c0000,0x000000002c4c0000)]
  0x0000000022563000 JavaThread "qtp124407148-192" [_thread_blocked, id=21456, stack(0x000000002c2c0000,0x000000002c3c0000)]
  0x000000002255e800 JavaThread "qtp124407148-191" [_thread_blocked, id=28632, stack(0x000000002c1c0000,0x000000002c2c0000)]
  0x000000002255d800 JavaThread "qtp124407148-190" [_thread_blocked, id=34628, stack(0x000000002c0c0000,0x000000002c1c0000)]
  0x0000000022560000 JavaThread "qtp124407148-189" [_thread_blocked, id=3008, stack(0x000000002bfc0000,0x000000002c0c0000)]
  0x0000000022562000 JavaThread "qtp124407148-188" [_thread_blocked, id=8056, stack(0x000000002bec0000,0x000000002bfc0000)]
  0x0000000022560800 JavaThread "qtp124407148-187" [_thread_blocked, id=7624, stack(0x000000002bdc0000,0x000000002bec0000)]
  0x00000000224fe000 JavaThread "qtp124407148-186" [_thread_blocked, id=3676, stack(0x000000002bcc0000,0x000000002bdc0000)]
  0x00000000224f6800 JavaThread "qtp124407148-185" [_thread_blocked, id=13540, stack(0x000000002bbc0000,0x000000002bcc0000)]
  0x00000000224fb000 JavaThread "qtp1948863195-184" [_thread_blocked, id=13240, stack(0x000000002bac0000,0x000000002bbc0000)]
  0x00000000224fd000 JavaThread "qtp1948863195-183" [_thread_blocked, id=28616, stack(0x000000002b9c0000,0x000000002bac0000)]
  0x00000000224f9800 JavaThread "qtp1948863195-182" [_thread_blocked, id=5772, stack(0x000000002b8c0000,0x000000002b9c0000)]
  0x00000000224f8800 JavaThread "qtp1948863195-181" [_thread_blocked, id=8016, stack(0x000000002b7c0000,0x000000002b8c0000)]
  0x00000000224fa000 JavaThread "qtp1948863195-180" [_thread_blocked, id=19832, stack(0x000000002b6c0000,0x000000002b7c0000)]
  0x00000000224fc800 JavaThread "qtp1948863195-179" [_thread_blocked, id=31788, stack(0x000000002b5c0000,0x000000002b6c0000)]
  0x00000000224f7000 JavaThread "qtp1948863195-178" [_thread_blocked, id=15452, stack(0x000000002b4c0000,0x000000002b5c0000)]
  0x00000000224fb800 JavaThread "qtp1948863195-177" [_thread_blocked, id=28088, stack(0x000000002b3c0000,0x000000002b4c0000)]
  0x00000000224f8000 JavaThread "qtp1356728614-176" [_thread_blocked, id=31348, stack(0x000000002b2c0000,0x000000002b3c0000)]
  0x00000000224ef800 JavaThread "qtp1356728614-175" [_thread_blocked, id=7432, stack(0x000000002b1c0000,0x000000002b2c0000)]
  0x00000000224f4000 JavaThread "qtp1356728614-174" [_thread_blocked, id=18220, stack(0x000000002b0c0000,0x000000002b1c0000)]
  0x00000000224ef000 JavaThread "qtp1356728614-173" [_thread_blocked, id=7452, stack(0x000000002afc0000,0x000000002b0c0000)]
  0x00000000224f5800 JavaThread "qtp1356728614-172" [_thread_blocked, id=38644, stack(0x000000002aec0000,0x000000002afc0000)]
  0x00000000224f2800 JavaThread "qtp1356728614-171" [_thread_blocked, id=31632, stack(0x000000002adc0000,0x000000002aec0000)]
  0x00000000224f2000 JavaThread "qtp1356728614-170" [_thread_blocked, id=32096, stack(0x000000002acc0000,0x000000002adc0000)]
  0x00000000224f0800 JavaThread "qtp1356728614-169" [_thread_blocked, id=14316, stack(0x000000002abc0000,0x000000002acc0000)]
  0x00000000224f3800 JavaThread "qtp1157058691-168" [_thread_blocked, id=31876, stack(0x000000002aac0000,0x000000002abc0000)]
  0x00000000224f1000 JavaThread "qtp1157058691-167" [_thread_blocked, id=33112, stack(0x000000002a9c0000,0x000000002aac0000)]
  0x00000000224f5000 JavaThread "qtp1157058691-166" [_thread_blocked, id=20604, stack(0x000000002a8c0000,0x000000002a9c0000)]
  0x0000000022536800 JavaThread "qtp1157058691-165" [_thread_blocked, id=17392, stack(0x000000002a7c0000,0x000000002a8c0000)]
  0x0000000022536000 JavaThread "qtp1157058691-164" [_thread_blocked, id=5440, stack(0x000000002a6c0000,0x000000002a7c0000)]
  0x0000000022535000 JavaThread "qtp1157058691-163" [_thread_blocked, id=22192, stack(0x000000002a5c0000,0x000000002a6c0000)]
  0x0000000022534800 JavaThread "qtp1157058691-162" [_thread_blocked, id=28356, stack(0x000000002a4c0000,0x000000002a5c0000)]
  0x000000002252d000 JavaThread "qtp1157058691-161" [_thread_blocked, id=2472, stack(0x000000002a3c0000,0x000000002a4c0000)]
  0x0000000022533800 JavaThread "qtp1270144618-160" [_thread_blocked, id=32276, stack(0x000000002a2c0000,0x000000002a3c0000)]
  0x0000000022533000 JavaThread "qtp1270144618-159" [_thread_blocked, id=14248, stack(0x000000002a1c0000,0x000000002a2c0000)]
  0x0000000022532000 JavaThread "qtp1270144618-158" [_thread_blocked, id=3048, stack(0x000000002a0c0000,0x000000002a1c0000)]
  0x000000002252a800 JavaThread "qtp1270144618-157" [_thread_blocked, id=19192, stack(0x0000000029fc0000,0x000000002a0c0000)]
  0x000000002252d800 JavaThread "qtp1270144618-156" [_thread_blocked, id=35280, stack(0x0000000029ec0000,0x0000000029fc0000)]
  0x0000000022531800 JavaThread "qtp1270144618-155" [_thread_blocked, id=13820, stack(0x0000000029dc0000,0x0000000029ec0000)]
  0x0000000022530000 JavaThread "qtp1270144618-154" [_thread_blocked, id=12944, stack(0x0000000029cc0000,0x0000000029dc0000)]
  0x000000002252b000 JavaThread "qtp1270144618-153" [_thread_blocked, id=24248, stack(0x0000000029bc0000,0x0000000029cc0000)]
  0x0000000022530800 JavaThread "qtp188576144-152" [_thread_blocked, id=37788, stack(0x0000000029ac0000,0x0000000029bc0000)]
  0x000000002252f000 JavaThread "qtp188576144-150-acceptor-0@134593bf-ServerConnector@6dde5c8c{HTTP/1.1,[http/1.1]}{0.0.0.0:60409}" [_thread_in_native, id=15912, stack(0x00000000298c0000,0x00000000299c0000)]
  0x000000002252c000 JavaThread "qtp188576144-149-lowPrioSelector" [_thread_blocked, id=9956, stack(0x00000000297c0000,0x00000000298c0000)]
  0x0000000022527800 JavaThread "qtp188576144-148" [_thread_in_native, id=12396, stack(0x00000000296c0000,0x00000000297c0000)]
  0x0000000022529800 JavaThread "qtp188576144-147" [_thread_blocked, id=9744, stack(0x00000000295c0000,0x00000000296c0000)]
  0x0000000022529000 JavaThread "qtp188576144-146-lowPrioSelector" [_thread_in_native, id=26520, stack(0x00000000294c0000,0x00000000295c0000)]
  0x000000002252e800 JavaThread "qtp188576144-145" [_thread_blocked, id=7716, stack(0x00000000293c0000,0x00000000294c0000)]
  0x0000000022528000 JavaThread "qtp188576144-144-lowPrioSelector" [_thread_in_native, id=27312, stack(0x00000000292c0000,0x00000000293c0000)]
  0x00000000224c4800 JavaThread "qtp188576144-143" [_thread_blocked, id=11624, stack(0x00000000291c0000,0x00000000292c0000)]
  0x00000000224c8800 JavaThread "qtp188576144-142-lowPrioSelector" [_thread_in_native, id=2620, stack(0x00000000290c0000,0x00000000291c0000)]
  0x00000000224c9000 JavaThread "qtp345281752-141" [_thread_blocked, id=27696, stack(0x0000000028fc0000,0x00000000290c0000)]
  0x00000000224c7800 JavaThread "qtp345281752-139-acceptor-0@17211155-ServerConnector@306279ee{HTTP/1.1,[http/1.1]}{0.0.0.0:60400}" [_thread_in_native, id=30084, stack(0x0000000028dc0000,0x0000000028ec0000)]
  0x00000000224c6000 JavaThread "qtp345281752-138-lowPrioSelector" [_thread_blocked, id=34088, stack(0x0000000028cc0000,0x0000000028dc0000)]
  0x00000000224c5800 JavaThread "qtp345281752-137-lowPrioSelector" [_thread_in_native, id=16152, stack(0x0000000028bc0000,0x0000000028cc0000)]
  0x00000000224c4000 JavaThread "qtp345281752-136" [_thread_in_native, id=8732, stack(0x0000000028ac0000,0x0000000028bc0000)]
  0x00000000224c7000 JavaThread "qtp345281752-135" [_thread_blocked, id=38028, stack(0x00000000289c0000,0x0000000028ac0000)]
  0x00000000224bc800 JavaThread "qtp345281752-134-lowPrioSelector" [_thread_in_native, id=9264, stack(0x00000000288c0000,0x00000000289c0000)]
  0x00000000224c3000 JavaThread "qtp345281752-133" [_thread_blocked, id=24328, stack(0x00000000287c0000,0x00000000288c0000)]
  0x00000000224c2800 JavaThread "qtp345281752-132-lowPrioSelector" [_thread_in_native, id=14236, stack(0x00000000286c0000,0x00000000287c0000)]
  0x00000000224bb000 JavaThread "qtp345281752-131" [_thread_blocked, id=38708, stack(0x00000000285c0000,0x00000000286c0000)]
  0x00000000224c1800 JavaThread "qtp2114874018-130" [_thread_blocked, id=5152, stack(0x00000000284c0000,0x00000000285c0000)]
  0x00000000224bb800 JavaThread "qtp2114874018-128-acceptor-0@954b04f-ServerConnector@782663d3{HTTP/1.1,[http/1.1]}{0.0.0.0:60391}" [_thread_in_native, id=13076, stack(0x00000000282c0000,0x00000000283c0000)]
  0x00000000224c1000 JavaThread "qtp2114874018-127" [_thread_in_native, id=27272, stack(0x00000000281c0000,0x00000000282c0000)]
  0x00000000224be800 JavaThread "qtp2114874018-126-lowPrioSelector" [_thread_blocked, id=14580, stack(0x00000000280c0000,0x00000000281c0000)]
  0x00000000224bd000 JavaThread "qtp2114874018-125-lowPrioSelector" [_thread_in_native, id=35852, stack(0x0000000027fc0000,0x00000000280c0000)]
  0x00000000224ba000 JavaThread "qtp2114874018-124-lowPrioSelector" [_thread_in_native, id=37908, stack(0x0000000027ec0000,0x0000000027fc0000)]
  0x00000000224be000 JavaThread "qtp2114874018-123" [_thread_blocked, id=33604, stack(0x0000000027dc0000,0x0000000027ec0000)]
  0x00000000224c0000 JavaThread "qtp2114874018-122" [_thread_blocked, id=7396, stack(0x0000000027cc0000,0x0000000027dc0000)]
  0x00000000224bf800 JavaThread "qtp2114874018-121-lowPrioSelector" [_thread_in_native, id=18932, stack(0x0000000027bc0000,0x0000000027cc0000)]
  0x000000002243c000 JavaThread "qtp2114874018-120" [_thread_blocked, id=31780, stack(0x0000000027ac0000,0x0000000027bc0000)]
  0x000000002243d000 JavaThread "qtp863125040-119" [_thread_blocked, id=25928, stack(0x00000000279c0000,0x0000000027ac0000)]
  0x000000002243b800 JavaThread "qtp863125040-117-acceptor-0@12c8a2c0-ServerConnector@cb0ed20{HTTP/1.1,[http/1.1]}{0.0.0.0:60382}" [_thread_in_native, id=2924, stack(0x00000000277c0000,0x00000000278c0000)]
  0x000000002243a800 JavaThread "qtp863125040-116" [_thread_in_native, id=29452, stack(0x00000000276c0000,0x00000000277c0000)]
  0x000000002243a000 JavaThread "qtp863125040-115-lowPrioSelector" [_thread_blocked, id=3424, stack(0x00000000275c0000,0x00000000276c0000)]
  0x0000000022439000 JavaThread "qtp863125040-114" [_thread_blocked, id=31404, stack(0x00000000274c0000,0x00000000275c0000)]
  0x0000000022431800 JavaThread "qtp863125040-113-lowPrioSelector" [_thread_in_native, id=34512, stack(0x00000000273c0000,0x00000000274c0000)]
  0x0000000022437800 JavaThread "qtp863125040-112-lowPrioSelector" [_thread_in_native, id=35948, stack(0x00000000272c0000,0x00000000273c0000)]
  0x0000000022438800 JavaThread "qtp863125040-111" [_thread_blocked, id=24144, stack(0x00000000271c0000,0x00000000272c0000)]
  0x0000000022437000 JavaThread "qtp863125040-110" [_thread_blocked, id=21228, stack(0x00000000270c0000,0x00000000271c0000)]
  0x0000000022436000 JavaThread "qtp863125040-109-lowPrioSelector" [_thread_in_native, id=12008, stack(0x0000000026fc0000,0x00000000270c0000)]
  0x000000002242e800 JavaThread "qtp1780132728-108" [_thread_blocked, id=7832, stack(0x0000000026ec0000,0x0000000026fc0000)]
  0x0000000022435800 JavaThread "qtp1780132728-107" [_thread_blocked, id=34608, stack(0x0000000026dc0000,0x0000000026ec0000)]
  0x000000002242d800 JavaThread "qtp1780132728-106" [_thread_blocked, id=35984, stack(0x0000000026cc0000,0x0000000026dc0000)]
  0x0000000022430000 JavaThread "qtp1780132728-105" [_thread_blocked, id=11432, stack(0x0000000026bc0000,0x0000000026cc0000)]
  0x0000000022434000 JavaThread "qtp1780132728-104" [_thread_blocked, id=7528, stack(0x0000000026ac0000,0x0000000026bc0000)]
  0x0000000022431000 JavaThread "qtp1780132728-103" [_thread_blocked, id=31024, stack(0x00000000269c0000,0x0000000026ac0000)]
  0x0000000022433000 JavaThread "qtp1780132728-102" [_thread_blocked, id=23748, stack(0x00000000268c0000,0x00000000269c0000)]
  0x000000002242f800 JavaThread "qtp1780132728-101" [_thread_blocked, id=10328, stack(0x00000000267c0000,0x00000000268c0000)]
  0x0000000022434800 JavaThread "qtp2070529722-100" [_thread_blocked, id=27460, stack(0x00000000266c0000,0x00000000267c0000)]
  0x0000000022432800 JavaThread "qtp2070529722-99-acceptor-0@74ad1f1f-ServerConnector@371a67ec{HTTP/1.1,[http/1.1]}{0.0.0.0:60373}" [_thread_in_native, id=6800, stack(0x00000000265c0000,0x00000000266c0000)]
  0x00000000223f9800 JavaThread "qtp2070529722-97" [_thread_in_native, id=32764, stack(0x00000000263c0000,0x00000000264c0000)]
  0x00000000223ff800 JavaThread "qtp2070529722-96-lowPrioSelector" [_thread_blocked, id=38700, stack(0x00000000262c0000,0x00000000263c0000)]
  0x00000000223fc800 JavaThread "qtp2070529722-95" [_thread_blocked, id=11036, stack(0x00000000261c0000,0x00000000262c0000)]
  0x00000000223fe800 JavaThread "qtp2070529722-94-lowPrioSelector" [_thread_in_native, id=35876, stack(0x00000000260c0000,0x00000000261c0000)]
  0x00000000223fb000 JavaThread "qtp2070529722-93-lowPrioSelector" [_thread_in_native, id=32268, stack(0x0000000025fc0000,0x00000000260c0000)]
  0x00000000223fd000 JavaThread "qtp2070529722-92" [_thread_blocked, id=36196, stack(0x0000000025ec0000,0x0000000025fc0000)]
  0x00000000223fa000 JavaThread "qtp2070529722-91-lowPrioSelector" [_thread_in_native, id=32572, stack(0x0000000025dc0000,0x0000000025ec0000)]
  0x00000000223fe000 JavaThread "qtp2070529722-90" [_thread_blocked, id=6436, stack(0x0000000025cc0000,0x0000000025dc0000)]
  0x00000000223fb800 JavaThread "qtp1484594489-89" [_thread_blocked, id=22224, stack(0x0000000025bc0000,0x0000000025cc0000)]
  0x00000000223f2800 JavaThread "qtp1484594489-88-acceptor-0@44c8afef-ServerConnector@38bc8ab5{HTTP/1.1,[http/1.1]}{0.0.0.0:60364}" [_thread_in_native, id=35692, stack(0x0000000025ac0000,0x0000000025bc0000)]
  0x00000000223f8000 JavaThread "qtp1484594489-86-lowPrioSelector" [_thread_blocked, id=4840, stack(0x00000000258c0000,0x00000000259c0000)]
  0x00000000223f7000 JavaThread "qtp1484594489-85" [_thread_in_native, id=32704, stack(0x00000000257c0000,0x00000000258c0000)]
  0x00000000223f6800 JavaThread "qtp1484594489-84-lowPrioSelector" [_thread_in_native, id=7672, stack(0x00000000256c0000,0x00000000257c0000)]
  0x00000000223f5800 JavaThread "qtp1484594489-83" [_thread_blocked, id=36288, stack(0x00000000255c0000,0x00000000256c0000)]
  0x00000000223f2000 JavaThread "qtp1484594489-82-lowPrioSelector" [_thread_in_native, id=1636, stack(0x00000000254c0000,0x00000000255c0000)]
  0x00000000223f8800 JavaThread "qtp1484594489-81" [_thread_blocked, id=11944, stack(0x00000000253c0000,0x00000000254c0000)]
  0x00000000223f1000 JavaThread "qtp1484594489-80-lowPrioSelector" [_thread_in_native, id=11292, stack(0x00000000252c0000,0x00000000253c0000)]
  0x00000000223f5000 JavaThread "qtp1484594489-79" [_thread_blocked, id=12060, stack(0x00000000251c0000,0x00000000252c0000)]
  0x00000000223f3800 JavaThread "qtp710239027-78" [_thread_blocked, id=27380, stack(0x00000000250c0000,0x00000000251c0000)]
  0x00000000223f0800 JavaThread "qtp710239027-77-acceptor-0@2c039ac6-ServerConnector@467aecef{HTTP/1.1,[http/1.1]}{0.0.0.0:60355}" [_thread_in_native, id=8648, stack(0x0000000024fc0000,0x00000000250c0000)]
  0x00000000223f4000 JavaThread "qtp710239027-75" [_thread_in_native, id=11376, stack(0x0000000024dc0000,0x0000000024ec0000)]
  0x000000001f9ad000 JavaThread "qtp710239027-74-lowPrioSelector" [_thread_blocked, id=36112, stack(0x0000000024cc0000,0x0000000024dc0000)]
  0x000000001f9ab800 JavaThread "qtp710239027-73-lowPrioSelector" [_thread_in_native, id=35032, stack(0x0000000024bc0000,0x0000000024cc0000)]
  0x000000001f9aa800 JavaThread "qtp710239027-72" [_thread_blocked, id=30904, stack(0x0000000024ac0000,0x0000000024bc0000)]
  0x000000001f9aa000 JavaThread "qtp710239027-71-lowPrioSelector" [_thread_blocked, id=3444, stack(0x00000000249c0000,0x0000000024ac0000)]
  0x000000001f9a9000 JavaThread "qtp710239027-70" [_thread_in_native, id=236, stack(0x00000000248c0000,0x00000000249c0000)]
  0x000000001f9ac000 JavaThread "qtp710239027-69-lowPrioSelector" [_thread_in_native, id=32076, stack(0x00000000247c0000,0x00000000248c0000)]
  0x000000001f9a1800 JavaThread "qtp710239027-68" [_thread_blocked, id=36900, stack(0x00000000246c0000,0x00000000247c0000)]
  0x000000001f9a7800 JavaThread "qtp1150538133-67" [_thread_blocked, id=31868, stack(0x00000000245c0000,0x00000000246c0000)]
  0x000000001f9a8800 JavaThread "qtp1150538133-66-acceptor-0@480bdb19-ServerConnector@305fd85d{HTTP/1.1,[http/1.1]}{0.0.0.0:60346}" [_thread_in_native, id=28288, stack(0x00000000244c0000,0x00000000245c0000)]
  0x000000001f9a7000 JavaThread "qtp1150538133-64-lowPrioSelector" [_thread_blocked, id=6180, stack(0x00000000242c0000,0x00000000243c0000)]
  0x000000001f99f800 JavaThread "qtp1150538133-63" [_thread_in_native, id=32144, stack(0x00000000241c0000,0x00000000242c0000)]
  0x000000001f9a6000 JavaThread "qtp1150538133-62-lowPrioSelector" [_thread_in_native, id=9352, stack(0x00000000240c0000,0x00000000241c0000)]
  0x000000001f9a0000 JavaThread "qtp1150538133-61" [_thread_blocked, id=22688, stack(0x0000000023fc0000,0x00000000240c0000)]
  0x000000001f9a5800 JavaThread "qtp1150538133-60" [_thread_blocked, id=13676, stack(0x0000000023ec0000,0x0000000023fc0000)]
  0x000000001f99e800 JavaThread "qtp1150538133-59-lowPrioSelector" [_thread_in_native, id=31924, stack(0x0000000023dc0000,0x0000000023ec0000)]
  0x000000001f99e000 JavaThread "qtp1150538133-58-lowPrioSelector" [_thread_in_native, id=8000, stack(0x0000000023cc0000,0x0000000023dc0000)]
  0x000000001f9a1000 JavaThread "qtp1150538133-57" [_thread_blocked, id=14560, stack(0x0000000023bc0000,0x0000000023cc0000)]
  0x000000001f9a2800 JavaThread "qtp366004251-56" [_thread_blocked, id=10276, stack(0x0000000023ac0000,0x0000000023bc0000)]
  0x000000001f9a4000 JavaThread "qtp366004251-55" [_thread_blocked, id=20244, stack(0x00000000239c0000,0x0000000023ac0000)]
  0x000000001f9a3000 JavaThread "qtp366004251-54" [_thread_blocked, id=3864, stack(0x00000000238c0000,0x00000000239c0000)]
  0x000000001f9a4800 JavaThread "qtp366004251-53" [_thread_blocked, id=11336, stack(0x00000000237c0000,0x00000000238c0000)]
  0x000000001f64a800 JavaThread "qtp366004251-52" [_thread_blocked, id=28464, stack(0x00000000236c0000,0x00000000237c0000)]
  0x000000001f649000 JavaThread "qtp366004251-51" [_thread_blocked, id=35928, stack(0x00000000235c0000,0x00000000236c0000)]
  0x000000001f648000 JavaThread "qtp366004251-50" [_thread_blocked, id=37828, stack(0x00000000234c0000,0x00000000235c0000)]
  0x000000001f646800 JavaThread "qtp366004251-49" [_thread_blocked, id=17880, stack(0x00000000233c0000,0x00000000234c0000)]
  0x000000001f649800 JavaThread "qtp319977154-48" [_thread_blocked, id=30268, stack(0x00000000222f0000,0x00000000223f0000)]
  0x000000001f645000 JavaThread "qtp319977154-47-acceptor-0@74650e52-ServerConnector@7f13d6e{HTTP/1.1,[http/1.1]}{0.0.0.0:60337}" [_thread_in_native, id=29312, stack(0x00000000221f0000,0x00000000222f0000)]
  0x000000001f647800 JavaThread "qtp319977154-45-lowPrioSelector" [_thread_in_native, id=38116, stack(0x0000000021ff0000,0x00000000220f0000)]
  0x000000001f644800 JavaThread "qtp319977154-44" [_thread_blocked, id=37220, stack(0x0000000021ef0000,0x0000000021ff0000)]
  0x000000001f64b800 JavaThread "qtp319977154-43-lowPrioSelector" [_thread_in_native, id=19336, stack(0x0000000021df0000,0x0000000021ef0000)]
  0x000000001f643800 JavaThread "qtp319977154-42" [_thread_blocked, id=23820, stack(0x0000000021cf0000,0x0000000021df0000)]
  0x000000001f646000 JavaThread "qtp319977154-41-lowPrioSelector" [_thread_in_native, id=20788, stack(0x0000000021bf0000,0x0000000021cf0000)]
  0x000000001f63c000 JavaThread "qtp319977154-40" [_thread_blocked, id=7204, stack(0x0000000021af0000,0x0000000021bf0000)]
  0x000000001f643000 JavaThread "qtp319977154-39-lowPrioSelector" [_thread_in_native, id=5380, stack(0x00000000219f0000,0x0000000021af0000)]
  0x000000001f642000 JavaThread "qtp319977154-38" [_thread_blocked, id=19764, stack(0x00000000218f0000,0x00000000219f0000)]
  0x000000001f641800 JavaThread "qtp1783593083-37" [_thread_blocked, id=808, stack(0x00000000217f0000,0x00000000218f0000)]
  0x000000001f63b800 JavaThread "qtp1783593083-36-acceptor-0@6c49835d-ServerConnector@6093dd95{HTTP/1.1,[http/1.1]}{0.0.0.0:60328}" [_thread_in_native, id=10564, stack(0x00000000216f0000,0x00000000217f0000)]
  0x000000001f63e800 JavaThread "qtp1783593083-34" [_thread_blocked, id=7632, stack(0x00000000211b0000,0x00000000212b0000)]
  0x000000001f63d800 JavaThread "qtp1783593083-33-lowPrioSelector" [_thread_in_native, id=22300, stack(0x00000000210b0000,0x00000000211b0000)]
  0x000000001f640800 JavaThread "qtp1783593083-32-lowPrioSelector" [_thread_in_native, id=23460, stack(0x0000000020fb0000,0x00000000210b0000)]
  0x000000001f640000 JavaThread "qtp1783593083-31" [_thread_blocked, id=11672, stack(0x0000000020eb0000,0x0000000020fb0000)]
  0x000000001f63d000 JavaThread "qtp1783593083-30-lowPrioSelector" [_thread_blocked, id=9752, stack(0x0000000020db0000,0x0000000020eb0000)]
  0x000000001e03b800 JavaThread "qtp1783593083-29" [_thread_in_native, id=35048, stack(0x0000000020cb0000,0x0000000020db0000)]
  0x000000001e042800 JavaThread "qtp1783593083-28-lowPrioSelector" [_thread_blocked, id=1028, stack(0x0000000020bb0000,0x0000000020cb0000)]
  0x000000001e03d000 JavaThread "qtp1783593083-27" [_thread_in_native, id=37940, stack(0x0000000020ab0000,0x0000000020bb0000)]
  0x000000001e041800 JavaThread "qtp644166178-26" [_thread_blocked, id=2352, stack(0x00000000209b0000,0x0000000020ab0000)]
  0x000000001e03e800 JavaThread "qtp644166178-25" [_thread_blocked, id=22648, stack(0x00000000208b0000,0x00000000209b0000)]
  0x000000001e040000 JavaThread "qtp644166178-24" [_thread_blocked, id=28236, stack(0x00000000207b0000,0x00000000208b0000)]
  0x000000001e03f800 JavaThread "qtp644166178-23" [_thread_blocked, id=8760, stack(0x00000000206b0000,0x00000000207b0000)]
  0x000000001e041000 JavaThread "qtp644166178-22" [_thread_blocked, id=37772, stack(0x00000000205b0000,0x00000000206b0000)]
  0x000000001e03e000 JavaThread "qtp644166178-21" [_thread_blocked, id=24480, stack(0x00000000204b0000,0x00000000205b0000)]
  0x000000001f5c5800 JavaThread "qtp644166178-20" [_thread_blocked, id=28508, stack(0x00000000203b0000,0x00000000204b0000)]
  0x000000001f5c5000 JavaThread "qtp644166178-19" [_thread_blocked, id=30140, stack(0x00000000202b0000,0x00000000203b0000)]
  0x000000001f77c800 JavaThread "qtp1789550256-18" [_thread_blocked, id=36704, stack(0x00000000200b0000,0x00000000201b0000)]
  0x000000001f77b800 JavaThread "qtp1789550256-17" [_thread_blocked, id=11204, stack(0x000000001ffb0000,0x00000000200b0000)]
  0x000000001f77b000 JavaThread "qtp1789550256-16" [_thread_blocked, id=36352, stack(0x000000001feb0000,0x000000001ffb0000)]
  0x000000001f654000 JavaThread "qtp1789550256-15" [_thread_blocked, id=18836, stack(0x000000001fdb0000,0x000000001feb0000)]
  0x000000001f651800 JavaThread "qtp1789550256-14" [_thread_blocked, id=10064, stack(0x000000001fcb0000,0x000000001fdb0000)]
  0x000000001f82c000 JavaThread "qtp1789550256-13" [_thread_blocked, id=33620, stack(0x000000001fbb0000,0x000000001fcb0000)]
  0x000000001f82b800 JavaThread "qtp1789550256-12" [_thread_blocked, id=1044, stack(0x000000001fab0000,0x000000001fbb0000)]
  0x000000001f82a800 JavaThread "qtp1789550256-11" [_thread_blocked, id=19176, stack(0x000000001f9b0000,0x000000001fab0000)]
  0x000000001e0c8000 JavaThread "Service Thread" daemon [_thread_blocked, id=8596, stack(0x000000001ec20000,0x000000001ed20000)]
  0x000000001e03c800 JavaThread "C1 CompilerThread3" daemon [_thread_blocked, id=17656, stack(0x000000001eb20000,0x000000001ec20000)]
  0x000000001e036800 JavaThread "C2 CompilerThread2" daemon [_thread_blocked, id=31004, stack(0x000000001ea20000,0x000000001eb20000)]
  0x000000001e030800 JavaThread "C2 CompilerThread1" daemon [_thread_blocked, id=26248, stack(0x000000001e920000,0x000000001ea20000)]
  0x000000001e02e000 JavaThread "C2 CompilerThread0" daemon [_thread_blocked, id=26368, stack(0x000000001e820000,0x000000001e920000)]
  0x000000001e02d000 JavaThread "Attach Listener" daemon [_thread_blocked, id=15976, stack(0x000000001e720000,0x000000001e820000)]
  0x000000001e02c000 JavaThread "Signal Dispatcher" daemon [_thread_blocked, id=31288, stack(0x000000001e620000,0x000000001e720000)]
  0x000000000272d800 JavaThread "Finalizer" daemon [_thread_blocked, id=26496, stack(0x000000001e400000,0x000000001e500000)]
  0x000000000272c000 JavaThread "Reference Handler" daemon [_thread_blocked, id=15020, stack(0x000000001df00000,0x000000001e000000)]
  0x0000000002634800 JavaThread "main" [_thread_blocked, id=12484, stack(0x0000000002530000,0x0000000002630000)]

Other Threads:
=>0x000000001c119800 VMThread [stack: 0x000000001de00000,0x000000001df00000] [id=5412]
  0x000000001e0eb000 WatcherThread [stack: 0x000000001f0b0000,0x000000001f1b0000] [id=31984]

VM state:at safepoint (normal execution)

VM Mutex/Monitor currently owned by a thread:  ([mutex/lock_event])
[0x00000000026316d0] Threads_lock - owner thread: 0x000000001c119800
[0x00000000026317d0] Heap_lock - owner thread: 0x00000000228a0800

Heap:
 PSYoungGen      total 140800K, used 4428K [0x000000076b800000, 0x000000077bb00000, 0x00000007c0000000)
  eden space 130048K, 0% used [0x000000076b800000,0x000000076b800000,0x0000000773700000)
  from space 10752K, 41% used [0x0000000774180000,0x00000007745d3160,0x0000000774c00000)
  to   space 10752K, 0% used [0x0000000773700000,0x0000000773700000,0x0000000774180000)
 ParOldGen       total 196608K, used 122404K [0x00000006c2800000, 0x00000006ce800000, 0x000000076b800000)
  object space 196608K, 62% used [0x00000006c2800000,0x00000006c9f891b0,0x00000006ce800000)
 Metaspace       used 20836K, capacity 21062K, committed 21248K, reserved 1067008K
  class space    used 2880K, capacity 2945K, committed 3072K, reserved 1048576K

Card table byte_map: [0x0000000011af0000,0x00000000122e0000] byte_map_base: 0x000000000e4dc000

Marking Bits: (ParMarkBitMap*) 0x0000000071e408c0
 Begin Bits: [0x0000000013030000, 0x0000000016f90000)
 End Bits:   [0x0000000016f90000, 0x000000001aef0000)

Polling page: 0x0000000000d30000

CodeCache: size=245760Kb used=8503Kb max_used=8512Kb free=237257Kb
 bounds [0x0000000002730000, 0x0000000002f90000, 0x0000000011730000]
 total_blobs=2501 nmethods=2096 adapters=317
 compilation: enabled

Compilation events (10 events):
Event: 4.666 Thread 0x000000001e03c800 2093       3       com.joptimizer.algebra.CholeskyFactorization::factorize (626 bytes)
Event: 4.670 Thread 0x000000001e03c800 nmethod 2093 0x0000000002f73c10 code [0x0000000002f74760, 0x0000000002f7be58]
Event: 5.053 Thread 0x000000001e02e000 2094       4       java.util.WeakHashMap::put (162 bytes)
Event: 5.056 Thread 0x000000001e02e000 nmethod 2094 0x0000000002f853d0 code [0x0000000002f85540, 0x0000000002f858c8]
Event: 5.132 Thread 0x000000001e03c800 2095       1       akka.actor.LightArrayRevolverScheduler::akka$actor$LightArrayRevolverScheduler$$tickNanos (5 bytes)
Event: 5.132 Thread 0x000000001e03c800 nmethod 2095 0x0000000002f85110 code [0x0000000002f85260, 0x0000000002f85370]
Event: 5.598 Thread 0x000000001e03c800 2096       3       cern.colt.matrix.impl.AbstractMatrix1D::setUp (8 bytes)
Event: 5.598 Thread 0x000000001e03c800 nmethod 2096 0x0000000002f84b10 code [0x0000000002f84c80, 0x0000000002f84fc8]
Event: 5.605 Thread 0x000000001e03c800 2097       1       cern.colt.matrix.impl.AbstractMatrix2D::columns (5 bytes)
Event: 5.605 Thread 0x000000001e03c800 nmethod 2097 0x0000000002f84850 code [0x0000000002f849a0, 0x0000000002f84ab0]

GC Heap History (10 events):
Event: 4.470 GC heap after
Heap after GC invocations=10 (full 0):
 PSYoungGen      total 140800K, used 9951K [0x000000076b800000, 0x0000000774c00000, 0x00000007c0000000)
  eden space 130048K, 0% used [0x000000076b800000,0x000000076b800000,0x0000000773700000)
  from space 10752K, 92% used [0x0000000774180000,0x0000000774b37dc8,0x0000000774c00000)
  to   space 10752K, 0% used [0x0000000773700000,0x0000000773700000,0x0000000774180000)
 ParOldGen       total 173568K, used 122139K [0x00000006c2800000, 0x00000006cd180000, 0x000000076b800000)
  object space 173568K, 70% used [0x00000006c2800000,0x00000006c9f46db0,0x00000006cd180000)
 Metaspace       used 20848K, capacity 21028K, committed 21248K, reserved 1067008K
  class space    used 2882K, capacity 2950K, committed 3072K, reserved 1048576K
}
Event: 4.656 GC heap before
{Heap before GC invocations=11 (full 0):
 PSYoungGen      total 140800K, used 139487K [0x000000076b800000, 0x0000000774c00000, 0x00000007c0000000)
  eden space 130048K, 99% used [0x000000076b800000,0x000000077367fec8,0x0000000773700000)
  from space 10752K, 92% used [0x0000000774180000,0x0000000774b37dc8,0x0000000774c00000)
  to   space 10752K, 0% used [0x0000000773700000,0x0000000773700000,0x0000000774180000)
 ParOldGen       total 173568K, used 122139K [0x00000006c2800000, 0x00000006cd180000, 0x000000076b800000)
  object space 173568K, 70% used [0x00000006c2800000,0x00000006c9f46db0,0x00000006cd180000)
 Metaspace       used 20855K, capacity 21092K, committed 21248K, reserved 1067008K
  class space    used 2882K, capacity 2950K, committed 3072K, reserved 1048576K
Event: 4.658 GC heap after
Heap after GC invocations=11 (full 0):
 PSYoungGen      total 140800K, used 1201K [0x000000076b800000, 0x0000000774c00000, 0x00000007c0000000)
  eden space 130048K, 0% used [0x000000076b800000,0x000000076b800000,0x0000000773700000)
  from space 10752K, 11% used [0x0000000773700000,0x000000077382c628,0x0000000774180000)
  to   space 10752K, 0% used [0x0000000774180000,0x0000000774180000,0x0000000774c00000)
 ParOldGen       total 173568K, used 123079K [0x00000006c2800000, 0x00000006cd180000, 0x000000076b800000)
  object space 173568K, 70% used [0x00000006c2800000,0x00000006ca031ef0,0x00000006cd180000)
 Metaspace       used 20855K, capacity 21092K, committed 21248K, reserved 1067008K
  class space    used 2882K, capacity 2950K, committed 3072K, reserved 1048576K
}
Event: 5.082 GC heap before
{Heap before GC invocations=12 (full 0):
 PSYoungGen      total 140800K, used 123983K [0x000000076b800000, 0x0000000774c00000, 0x00000007c0000000)
  eden space 130048K, 94% used [0x000000076b800000,0x0000000772fe78a8,0x0000000773700000)
  from space 10752K, 11% used [0x0000000773700000,0x000000077382c628,0x0000000774180000)
  to   space 10752K, 0% used [0x0000000774180000,0x0000000774180000,0x0000000774c00000)
 ParOldGen       total 173568K, used 123079K [0x00000006c2800000, 0x00000006cd180000, 0x000000076b800000)
  object space 173568K, 70% used [0x00000006c2800000,0x00000006ca031ef0,0x00000006cd180000)
 Metaspace       used 20855K, capacity 21092K, committed 21248K, reserved 1067008K
  class space    used 2882K, capacity 2950K, committed 3072K, reserved 1048576K
Event: 5.095 GC heap after
Heap after GC invocations=12 (full 0):
 PSYoungGen      total 140800K, used 10620K [0x000000076b800000, 0x0000000774c00000, 0x00000007c0000000)
  eden space 130048K, 0% used [0x000000076b800000,0x000000076b800000,0x0000000773700000)
  from space 10752K, 98% used [0x0000000774180000,0x0000000774bdf3e8,0x0000000774c00000)
  to   space 10752K, 0% used [0x0000000773700000,0x0000000773700000,0x0000000774180000)
 ParOldGen       total 173568K, used 162261K [0x00000006c2800000, 0x00000006cd180000, 0x000000076b800000)
  object space 173568K, 93% used [0x00000006c2800000,0x00000006cc6756d0,0x00000006cd180000)
 Metaspace       used 20855K, capacity 21092K, committed 21248K, reserved 1067008K
  class space    used 2882K, capacity 2950K, committed 3072K, reserved 1048576K
}
Event: 5.095 GC heap before
{Heap before GC invocations=13 (full 1):
 PSYoungGen      total 140800K, used 10620K [0x000000076b800000, 0x0000000774c00000, 0x00000007c0000000)
  eden space 130048K, 0% used [0x000000076b800000,0x000000076b800000,0x0000000773700000)
  from space 10752K, 98% used [0x0000000774180000,0x0000000774bdf3e8,0x0000000774c00000)
  to   space 10752K, 0% used [0x0000000773700000,0x0000000773700000,0x0000000774180000)
 ParOldGen       total 173568K, used 162261K [0x00000006c2800000, 0x00000006cd180000, 0x000000076b800000)
  object space 173568K, 93% used [0x00000006c2800000,0x00000006cc6756d0,0x00000006cd180000)
 Metaspace       used 20855K, capacity 21092K, committed 21248K, reserved 1067008K
  class space    used 2882K, capacity 2950K, committed 3072K, reserved 1048576K
Event: 5.117 GC heap after
Heap after GC invocations=13 (full 1):
 PSYoungGen      total 140800K, used 0K [0x000000076b800000, 0x0000000774c00000, 0x00000007c0000000)
  eden space 130048K, 0% used [0x000000076b800000,0x000000076b800000,0x0000000773700000)
  from space 10752K, 0% used [0x0000000774180000,0x0000000774180000,0x0000000774c00000)
  to   space 10752K, 0% used [0x0000000773700000,0x0000000773700000,0x0000000774180000)
 ParOldGen       total 196608K, used 80174K [0x00000006c2800000, 0x00000006ce800000, 0x000000076b800000)
  object space 196608K, 40% used [0x00000006c2800000,0x00000006c764b8b0,0x00000006ce800000)
 Metaspace       used 20836K, capacity 21062K, committed 21248K, reserved 1067008K
  class space    used 2880K, capacity 2945K, committed 3072K, reserved 1048576K
}
Event: 5.461 GC heap before
{Heap before GC invocations=14 (full 1):
 PSYoungGen      total 140800K, used 129757K [0x000000076b800000, 0x0000000774c00000, 0x00000007c0000000)
  eden space 130048K, 99% used [0x000000076b800000,0x00000007736b77b0,0x0000000773700000)
  from space 10752K, 0% used [0x0000000774180000,0x0000000774180000,0x0000000774c00000)
  to   space 10752K, 0% used [0x0000000773700000,0x0000000773700000,0x0000000774180000)
 ParOldGen       total 196608K, used 80174K [0x00000006c2800000, 0x00000006ce800000, 0x000000076b800000)
  object space 196608K, 40% used [0x00000006c2800000,0x00000006c764b8b0,0x00000006ce800000)
 Metaspace       used 20836K, capacity 21062K, committed 21248K, reserved 1067008K
  class space    used 2880K, capacity 2945K, committed 3072K, reserved 1048576K
Event: 5.466 GC heap after
Heap after GC invocations=14 (full 1):
 PSYoungGen      total 140800K, used 10472K [0x000000076b800000, 0x0000000774c00000, 0x00000007c0000000)
  eden space 130048K, 0% used [0x000000076b800000,0x000000076b800000,0x0000000773700000)
  from space 10752K, 97% used [0x0000000773700000,0x000000077413a140,0x0000000774180000)
  to   space 10752K, 0% used [0x0000000774180000,0x0000000774180000,0x0000000774c00000)
 ParOldGen       total 196608K, used 115196K [0x00000006c2800000, 0x00000006ce800000, 0x000000076b800000)
  object space 196608K, 58% used [0x00000006c2800000,0x00000006c987f3a0,0x00000006ce800000)
 Metaspace       used 20836K, capacity 21062K, committed 21248K, reserved 1067008K
  class space    used 2880K, capacity 2945K, committed 3072K, reserved 1048576K
}
Event: 5.625 GC heap before
{Heap before GC invocations=15 (full 1):
 PSYoungGen      total 140800K, used 138470K [0x000000076b800000, 0x0000000774c00000, 0x00000007c0000000)
  eden space 130048K, 98% used [0x000000076b800000,0x00000007734ff818,0x0000000773700000)
  from space 10752K, 97% used [0x0000000773700000,0x000000077413a140,0x0000000774180000)
  to   space 10752K, 0% used [0x0000000774180000,0x0000000774180000,0x0000000774c00000)
 ParOldGen       total 196608K, used 115196K [0x00000006c2800000, 0x00000006ce800000, 0x000000076b800000)
  object space 196608K, 58% used [0x00000006c2800000,0x00000006c987f3a0,0x00000006ce800000)
 Metaspace       used 20836K, capacity 21062K, committed 21248K, reserved 1067008K
  class space    used 2880K, capacity 2945K, committed 3072K, reserved 1048576K

Deoptimization events (10 events):
Event: 3.100 Thread 0x00000000228a0800 Uncommon trap: reason=speculate_class_check action=maybe_recompile pc=0x0000000002eb9b10 method=com.joptimizer.util.ColtUtils.diagonalMatrixMult(Lcern/colt/matrix/DoubleMatrix1D;Lcern/colt/matrix/DoubleMatrix2D;)Lcern/colt/matrix/DoubleMatrix2D; @ 11
Event: 3.122 Thread 0x00000000228a0800 Uncommon trap: reason=unstable_if action=reinterpret pc=0x0000000002eb3fac method=com.joptimizer.algebra.CholeskyUpperDiagonalFactorization.solve(Lcern/colt/matrix/DoubleMatrix2D;)Lcern/colt/matrix/DoubleMatrix2D; @ 136
Event: 3.138 Thread 0x00000000228a0800 Uncommon trap: reason=unstable_if action=reinterpret pc=0x0000000002eb1fbc method=com.joptimizer.algebra.CholeskyUpperDiagonalFactorization.solve(Lcern/colt/matrix/DoubleMatrix2D;)Lcern/colt/matrix/DoubleMatrix2D; @ 570
Event: 3.140 Thread 0x00000000228a0800 Uncommon trap: reason=unstable_if action=reinterpret pc=0x0000000002eb9abc method=com.joptimizer.util.ColtUtils.diagonalMatrixMult(Lcern/colt/matrix/DoubleMatrix1D;Lcern/colt/matrix/DoubleMatrix2D;)Lcern/colt/matrix/DoubleMatrix2D; @ 61
Event: 3.351 Thread 0x00000000228a0800 Uncommon trap: reason=unstable_if action=reinterpret pc=0x0000000002efddf8 method=sun.misc.FloatingDecimal$BinaryToASCIIBuffer.dtoa(IJIZ)V @ 111
Event: 3.552 Thread 0x00000000228a0800 Uncommon trap: reason=class_check action=maybe_recompile pc=0x0000000002e545ac method=cern.colt.map.OpenIntDoubleHashMap.forEachPair(Lcern/colt/function/IntDoubleProcedure;)Z @ 37
Event: 3.628 Thread 0x00000000228a0800 Uncommon trap: reason=unstable_if action=reinterpret pc=0x0000000002f2ac2c method=com.joptimizer.algebra.CholeskyFactorization.factorize(Z)V @ 429
Event: 3.628 Thread 0x00000000228a0800 Uncommon trap: reason=unstable_if action=reinterpret pc=0x0000000002ef4338 method=com.joptimizer.algebra.CholeskyFactorization.solve(Lcern/colt/matrix/DoubleMatrix1D;)Lcern/colt/matrix/DoubleMatrix1D; @ 215
Event: 4.118 Thread 0x00000000228a0800 Uncommon trap: reason=class_check action=maybe_recompile pc=0x0000000002e545ac method=cern.colt.map.OpenIntDoubleHashMap.forEachPair(Lcern/colt/function/IntDoubleProcedure;)Z @ 37
Event: 4.616 Thread 0x00000000228a0800 Uncommon trap: reason=class_check action=maybe_recompile pc=0x0000000002e545ac method=cern.colt.map.OpenIntDoubleHashMap.forEachPair(Lcern/colt/function/IntDoubleProcedure;)Z @ 37

Classes redefined (0 events):
No events

Internal exceptions (10 events):
Event: 0.824 Thread 0x0000000002634800 Exception <a 'java/lang/ArrayIndexOutOfBoundsException'> (0x000000076dd8c548) thrown at [C:\re\workspace\8-2-build-windows-amd64-cygwin\jdk8u171\10807\hotspot\src\share\vm\runtime\sharedRuntime.cpp, line 605]
Event: 0.824 Thread 0x0000000002634800 Exception <a 'java/lang/ArrayIndexOutOfBoundsException'> (0x000000076dd8d8f8) thrown at [C:\re\workspace\8-2-build-windows-amd64-cygwin\jdk8u171\10807\hotspot\src\share\vm\runtime\sharedRuntime.cpp, line 605]
Event: 0.837 Thread 0x0000000002634800 Exception <a 'java/lang/ArrayIndexOutOfBoundsException'> (0x000000076de74e70) thrown at [C:\re\workspace\8-2-build-windows-amd64-cygwin\jdk8u171\10807\hotspot\src\share\vm\runtime\sharedRuntime.cpp, line 605]
Event: 0.842 Thread 0x0000000002634800 Exception <a 'java/lang/ArrayIndexOutOfBoundsException'> (0x000000076deeb258) thrown at [C:\re\workspace\8-2-build-windows-amd64-cygwin\jdk8u171\10807\hotspot\src\share\vm\runtime\sharedRuntime.cpp, line 605]
Event: 0.842 Thread 0x0000000002634800 Exception <a 'java/lang/ArrayIndexOutOfBoundsException'> (0x000000076deec560) thrown at [C:\re\workspace\8-2-build-windows-amd64-cygwin\jdk8u171\10807\hotspot\src\share\vm\runtime\sharedRuntime.cpp, line 605]
Event: 0.843 Thread 0x0000000002634800 Exception <a 'java/lang/ArrayIndexOutOfBoundsException'> (0x000000076def8980) thrown at [C:\re\workspace\8-2-build-windows-amd64-cygwin\jdk8u171\10807\hotspot\src\share\vm\runtime\sharedRuntime.cpp, line 605]
Event: 1.228 Thread 0x0000000002634800 Exception <a 'java/lang/ArrayIndexOutOfBoundsException'> (0x000000076bc174a0) thrown at [C:\re\workspace\8-2-build-windows-amd64-cygwin\jdk8u171\10807\hotspot\src\share\vm\runtime\sharedRuntime.cpp, line 605]
Event: 1.228 Thread 0x0000000002634800 Exception <a 'java/lang/ArrayIndexOutOfBoundsException'> (0x000000076bc18448) thrown at [C:\re\workspace\8-2-build-windows-amd64-cygwin\jdk8u171\10807\hotspot\src\share\vm\runtime\sharedRuntime.cpp, line 605]
Event: 1.245 Thread 0x0000000002634800 Exception <a 'java/lang/ArrayIndexOutOfBoundsException'> (0x000000076bd7fdd0) thrown at [C:\re\workspace\8-2-build-windows-amd64-cygwin\jdk8u171\10807\hotspot\src\share\vm\runtime\sharedRuntime.cpp, line 605]
Event: 1.352 Thread 0x000000002257f800 Exception <a 'java/lang/ArrayIndexOutOfBoundsException'> (0x000000076ceb7a88) thrown at [C:\re\workspace\8-2-build-windows-amd64-cygwin\jdk8u171\10807\hotspot\src\share\vm\runtime\sharedRuntime.cpp, line 605]

Events (10 events):
Event: 4.658 Executing VM operation: ParallelGCFailedAllocation done
Event: 4.666 Thread 0x00000000228a0800 DEOPT PACKING pc=0x0000000002f6a98f sp=0x0000000032aadcb0
Event: 4.666 Thread 0x00000000228a0800 DEOPT UNPACKING pc=0x0000000002777890 sp=0x0000000032aadbd8 mode 0
Event: 5.082 Executing VM operation: ParallelGCFailedAllocation
Event: 5.117 Executing VM operation: ParallelGCFailedAllocation done
Event: 5.159 Thread 0x00000000228a0800 DEOPT PACKING pc=0x0000000002f7b82d sp=0x0000000032aadcd0
Event: 5.159 Thread 0x00000000228a0800 DEOPT UNPACKING pc=0x0000000002777890 sp=0x0000000032aadbd8 mode 0
Event: 5.461 Executing VM operation: ParallelGCFailedAllocation
Event: 5.467 Executing VM operation: ParallelGCFailedAllocation done
Event: 5.625 Executing VM operation: ParallelGCFailedAllocation


Dynamic libraries:
0x00007ff67cb70000 - 0x00007ff67cba7000 	C:\Program Files\Java\jre1.8.0_161\bin\javaw.exe
0x00007ffd44230000 - 0x00007ffd44402000 	C:\Windows\SYSTEM32\ntdll.dll
0x00007ffd43c80000 - 0x00007ffd43d2c000 	C:\Windows\System32\KERNEL32.DLL
0x00007ffd414f0000 - 0x00007ffd4170d000 	C:\Windows\System32\KERNELBASE.dll
0x00007ffd43d30000 - 0x00007ffd43dd2000 	C:\Windows\System32\ADVAPI32.dll
0x00007ffd44120000 - 0x00007ffd441be000 	C:\Windows\System32\msvcrt.dll
0x00007ffd420a0000 - 0x00007ffd420f9000 	C:\Windows\System32\sechost.dll
0x00007ffd43920000 - 0x00007ffd43a41000 	C:\Windows\System32\RPCRT4.dll
0x00007ffd43df0000 - 0x00007ffd43f55000 	C:\Windows\System32\USER32.dll
0x00007ffd40830000 - 0x00007ffd4084e000 	C:\Windows\System32\win32u.dll
0x00007ffd43a50000 - 0x00007ffd43a84000 	C:\Windows\System32\GDI32.dll
0x00007ffd40bd0000 - 0x00007ffd40d50000 	C:\Windows\System32\gdi32full.dll
0x00007ffd33880000 - 0x00007ffd33afa000 	C:\Windows\WinSxS\amd64_microsoft.windows.common-controls_6595b64144ccf1df_6.0.14393.2248_none_7ddece3683436ba6\COMCTL32.dll
0x00007ffd41dc0000 - 0x00007ffd42088000 	C:\Windows\System32\combase.dll
0x00007ffd40730000 - 0x00007ffd40825000 	C:\Windows\System32\ucrtbase.dll
0x00007ffd40da0000 - 0x00007ffd40e0a000 	C:\Windows\System32\bcryptPrimitives.dll
0x00007ffd41900000 - 0x00007ffd4192e000 	C:\Windows\System32\IMM32.DLL
0x00000000701e0000 - 0x0000000070219000 	C:\PROGRA~2\Sophos\SOPHOS~1\SOPHOS~2.DLL
0x00007ffd43610000 - 0x00007ffd43618000 	C:\Windows\System32\PSAPI.DLL
0x0000000070f60000 - 0x0000000071032000 	C:\Program Files\Java\jre1.8.0_161\bin\msvcr100.dll
0x0000000071620000 - 0x0000000071ec0000 	C:\Program Files\Java\jre1.8.0_161\bin\server\jvm.dll
0x00007ffd3e770000 - 0x00007ffd3e793000 	C:\Windows\SYSTEM32\WINMM.dll
0x00007ffd3c4c0000 - 0x00007ffd3c4c9000 	C:\Windows\SYSTEM32\WSOCK32.dll
0x00007ffd39920000 - 0x00007ffd3992a000 	C:\Windows\SYSTEM32\VERSION.dll
0x00007ffd43a90000 - 0x00007ffd43afa000 	C:\Windows\System32\WS2_32.dll
0x00007ffd3e740000 - 0x00007ffd3e76b000 	C:\Windows\SYSTEM32\WINMMBASE.dll
0x00007ffd40d50000 - 0x00007ffd40d92000 	C:\Windows\System32\cfgmgr32.dll
0x0000000071530000 - 0x000000007153f000 	C:\Program Files\Java\jre1.8.0_161\bin\verify.dll
0x0000000071500000 - 0x0000000071529000 	C:\Program Files\Java\jre1.8.0_161\bin\java.dll
0x00000000714e0000 - 0x00000000714f6000 	C:\Program Files\Java\jre1.8.0_161\bin\zip.dll
0x00007ffd42100000 - 0x00007ffd43609000 	C:\Windows\System32\SHELL32.dll
0x00007ffd40e10000 - 0x00007ffd414e9000 	C:\Windows\System32\windows.storage.dll
0x00007ffd406c0000 - 0x00007ffd4070c000 	C:\Windows\System32\powrprof.dll
0x00007ffd43f60000 - 0x00007ffd43fb2000 	C:\Windows\System32\shlwapi.dll
0x00007ffd406b0000 - 0x00007ffd406bf000 	C:\Windows\System32\kernel.appcore.dll
0x00007ffd40850000 - 0x00007ffd408f9000 	C:\Windows\System32\shcore.dll
0x00007ffd40710000 - 0x00007ffd40724000 	C:\Windows\System32\profapi.dll
0x0000000071450000 - 0x000000007145d000 	C:\Program Files\Java\jre1.8.0_161\bin\management.dll
0x00000000714c0000 - 0x00000000714da000 	C:\Program Files\Java\jre1.8.0_161\bin\net.dll
0x00007ffd3ffd0000 - 0x00007ffd4002c000 	C:\Windows\system32\mswsock.dll
0x00000000714a0000 - 0x00000000714b1000 	C:\Program Files\Java\jre1.8.0_161\bin\nio.dll
0x00007ffd40170000 - 0x00007ffd40187000 	C:\Windows\SYSTEM32\CRYPTSP.dll
0x00007ffd3fbe0000 - 0x00007ffd3fc13000 	C:\Windows\system32\rsaenh.dll
0x00007ffd40280000 - 0x00007ffd402ab000 	C:\Windows\SYSTEM32\bcrypt.dll
0x00007ffd3fe50000 - 0x00007ffd3fe6f000 	C:\Windows\SYSTEM32\USERENV.dll
0x00007ffd40190000 - 0x00007ffd4019b000 	C:\Windows\SYSTEM32\CRYPTBASE.dll
0x00007ffd3fd50000 - 0x00007ffd3fd88000 	C:\Windows\SYSTEM32\IPHLPAPI.DLL
0x00007ffd43de0000 - 0x00007ffd43de8000 	C:\Windows\System32\NSI.dll
0x00007ffd3d840000 - 0x00007ffd3d856000 	C:\Windows\SYSTEM32\dhcpcsvc6.DLL
0x00007ffd3d670000 - 0x00007ffd3d68a000 	C:\Windows\SYSTEM32\dhcpcsvc.DLL

VM Arguments:
jvm_args: -Dfile.encoding=Cp1252 
java_command: linprog.Simulation
java_class_path (initial): C:\Program Files\Java\jre1.8.0_161\lib\resources.jar;C:\Program Files\Java\jre1.8.0_161\lib\rt.jar;C:\Program Files\Java\jre1.8.0_161\lib\jsse.jar;C:\Program Files\Java\jre1.8.0_161\lib\jce.jar;C:\Program Files\Java\jre1.8.0_161\lib\charsets.jar;C:\Program Files\Java\jre1.8.0_161\lib\jfr.jar;C:\Program Files\Java\jre1.8.0_161\lib\ext\access-bridge-64.jar;C:\Program Files\Java\jre1.8.0_161\lib\ext\cldrdata.jar;C:\Program Files\Java\jre1.8.0_161\lib\ext\dnsns.jar;C:\Program Files\Java\jre1.8.0_161\lib\ext\jaccess.jar;C:\Program Files\Java\jre1.8.0_161\lib\ext\jfxrt.jar;C:\Program Files\Java\jre1.8.0_161\lib\ext\localedata.jar;C:\Program Files\Java\jre1.8.0_161\lib\ext\nashorn.jar;C:\Program Files\Java\jre1.8.0_161\lib\ext\sunec.jar;C:\Program Files\Java\jre1.8.0_161\lib\ext\sunjce_provider.jar;C:\Program Files\Java\jre1.8.0_161\lib\ext\sunmscapi.jar;C:\Program Files\Java\jre1.8.0_161\lib\ext\sunpkcs11.jar;C:\Program Files\Java\jre1.8.0_161\lib\ext\zipfs.jar;C:\Git\SESSIM\SmartGridCoSimulation\examples\memap\target\classes;C:\Users\mayer\.m2\repository\org\jsoup\jsoup\1.8.1\jsoup-1.8.1.jar;C:\Git\SESSIM\SmartGridCoSimulation\core\gridarchitect\target\classes;C:\Users\mayer\.m2\repository\com\typesafe\akka\akka-actor_2.11\2.3.6\akka-actor_2.11-2.3.6.jar;C:\Users\mayer\.m2\repository\org\scala-lang\scala-library\2.11.2\scala-library-2.11.2.jar;C:\Users\mayer\.m2\repository\com\typesafe\config\1.2.1\config-1.2.1.jar;C:\Users\mayer\.m2\repository\com\typesafe\akka\akka-testkit_2.11\2.3.6\akka-testkit_2.11-2.3.6.jar;C:\Users\mayer\.m2\repository\junit\junit\4.10\junit-4.10.jar;C:\Users\mayer\.m2\repository\org\hamcrest\hamcrest-core\1.1\hamcrest-core-1.1.jar;C:\Users\mayer\.m2\repository\ch\qos\logback\logback-classic\1.0.7\logback-classic-1.0.7.jar;C:\Users\mayer\.m2\repository\ch\qos\logback\logback-core\1.0.7\logback-core-1.0.7.jar;C:\Users\mayer\.m2\repository\org\slf4j\slf4j-api\1.6.6\slf4j-api-1.6.6.jar;C:\Users\mayer\.m2\repository\org\ap
Launcher Type: SUN_STANDARD

Environment Variables:
PATH=C:/Program Files/Java/jre1.8.0_161/bin/server;C:/Program Files/Java/jre1.8.0_161/bin;C:/Program Files/Java/jre1.8.0_161/lib/amd64;C:\Program Files (x86)\Common Files\Oracle\Java\javapath;C:\ProgramData\Oracle\Java\javapath;C:\Windows\system32;C:\Windows;C:\Windows\System32\Wbem;C:\Windows\System32\WindowsPowerShell\v1.0\;C:\Program Files\Git\cmd;C:\Program Files\TortoiseGit\bin;C:\Program Files\Java\jdk1.8.0_171\bin\javaw.exe;C:\Program Files\MATLAB\R2017b\bin;C:\Users\mayer\AppData\Local\Microsoft\WindowsApps;;C:\Program Files\Microsoft VS Code\bin;C:\Users\mayer\Desktop;
USERNAME=mayer
OS=Windows_NT
PROCESSOR_IDENTIFIER=Intel64 Family 6 Model 158 Stepping 9, GenuineIntel



---------------  S Y S T E M  ---------------

OS: Windows 10.0 , 64 bit Build 14393 (10.0.14393.2214)

CPU:total 8 (initial active 8) (4 cores per cpu, 2 threads per core) family 6 model 158 stepping 9, cmov, cx8, fxsr, mmx, sse, sse2, sse3, ssse3, sse4.1, sse4.2, popcnt, avx, avx2, aes, clmul, erms, 3dnowpref, lzcnt, ht, tsc, tscinvbit, bmi1, bmi2, adx

Memory: 4k page, physical 16609712k(3556128k free), swap 47793964k(5148k free)

vm_info: Java HotSpot(TM) 64-Bit Server VM (25.171-b11) for windows-amd64 JRE (1.8.0_171-b11), built on Mar 28 2018 16:06:12 by "java_re" with MS VC++ 10.0 (VS2010)

time: Mon May 28 16:56:36 2018
elapsed time: 5 seconds (0d 0h 0m 5s)

